INFO: [VRFC 10-163] Analyzing VHDL file "D:/Vivado/CPE 233/Exp. 9 Interrupts/Exp. 9 Interrupts.srcs/sources_1/imports/Desktop/counter_for_one_shot.vhd" into library xil_defaultlib
INFO: [VRFC 10-307] analyzing entity counter
INFO: [VRFC 10-163] Analyzing VHDL file "D:/Vivado/CPE 233/Exp. 9 Interrupts/Exp. 9 Interrupts.srcs/sources_1/imports/Desktop/FlagReg.vhd" into library xil_defaultlib
INFO: [VRFC 10-307] analyzing entity FlagReg
INFO: [VRFC 10-163] Analyzing VHDL file "D:/Vivado/CPE 233/Exp. 9 Interrupts/Exp. 9 Interrupts.srcs/sources_1/imports/CPE 233/Exp. 3 ProgramCounter/ProgramCounter.srcs/sources_1/new/ProgramCounter.vhd" into library xil_defaultlib
INFO: [VRFC 10-307] analyzing entity ProgramCounter
INFO: [VRFC 10-163] Analyzing VHDL file "D:/Vivado/CPE 233/Exp. 9 Interrupts/Exp. 9 Interrupts.srcs/sources_1/imports/CPE 233/Exp. 3 ProgramCounter/ProgramCounter.srcs/sources_1/new/PC_MUX.vhd" into library xil_defaultlib
INFO: [VRFC 10-307] analyzing entity PC_MUX
INFO: [VRFC 10-163] Analyzing VHDL file "D:/Vivado/CPE 233/Exp. 9 Interrupts/Exp. 9 Interrupts.srcs/sources_1/imports/Desktop/debounce_one_shot_FSM.vhd" into library xil_defaultlib
INFO: [VRFC 10-307] analyzing entity db_1shot_FSM
INFO: [VRFC 10-163] Analyzing VHDL file "D:/Vivado/CPE 233/Exp. 9 Interrupts/Exp. 9 Interrupts.srcs/sources_1/imports/Desktop/I_FLAG.vhd" into library xil_defaultlib
INFO: [VRFC 10-307] analyzing entity I_FLAG
INFO: [VRFC 10-163] Analyzing VHDL file "D:/Vivado/CPE 233/Exp. 9 Interrupts/Exp. 9 Interrupts.srcs/sources_1/imports/Desktop/SP.vhd" into library xil_defaultlib
INFO: [VRFC 10-307] analyzing entity SP
INFO: [VRFC 10-163] Analyzing VHDL file "D:/Vivado/CPE 233/Exp. 9 Interrupts/Exp. 9 Interrupts.srcs/sources_1/imports/new/SCRATCH_RAM.vhd" into library xil_defaultlib
INFO: [VRFC 10-307] analyzing entity SCRATCH_RAM
INFO: [VRFC 10-163] Analyzing VHDL file "D:/Vivado/CPE 233/Exp. 9 Interrupts/Exp. 9 Interrupts.srcs/sources_1/imports/Desktop/Flags.vhd" into library xil_defaultlib
INFO: [VRFC 10-307] analyzing entity Flags
INFO: [VRFC 10-163] Analyzing VHDL file "D:/Vivado/CPE 233/Exp. 9 Interrupts/Exp. 9 Interrupts.srcs/sources_1/imports/new/reg_file.vhd" into library xil_defaultlib
INFO: [VRFC 10-307] analyzing entity RegisterFile
INFO: [VRFC 10-163] Analyzing VHDL file "D:/Vivado/CPE 233/Exp. 9 Interrupts/Exp. 9 Interrupts.srcs/sources_1/new/CONTROL_UNIT.vhd" into library xil_defaultlib
INFO: [VRFC 10-307] analyzing entity CONTROL_UNIT
INFO: [VRFC 10-163] Analyzing VHDL file "D:/Vivado/CPE 233/Exp. 9 Interrupts/Exp. 9 Interrupts.srcs/sources_1/imports/CPE 233/Exp. 6 ALU/Exp. 6 ALU.srcs/sources_1/new/ALU.vhd" into library xil_defaultlib
INFO: [VRFC 10-307] analyzing entity ALU
INFO: [VRFC 10-163] Analyzing VHDL file "D:/Vivado/CPE 233/Exp. 9 Interrupts/Exp. 9 Interrupts.srcs/sources_1/imports/new/PC.vhd" into library xil_defaultlib
INFO: [VRFC 10-307] analyzing entity PC
INFO: [VRFC 10-163] Analyzing VHDL file "D:/Vivado/CPE 233/Exp. 9 Interrupts/Exp. 9 Interrupts.srcs/sources_1/imports/Desktop/prog_rom.vhd" into library xil_defaultlib
INFO: [VRFC 10-307] analyzing entity prog_rom
INFO: [VRFC 10-163] Analyzing VHDL file "D:/Vivado/CPE 233/Exp. 9 Interrupts/Exp. 9 Interrupts.srcs/sources_1/imports/Desktop/RAT_CPU.vhd" into library xil_defaultlib
INFO: [VRFC 10-307] analyzing entity RAT_CPU
INFO: [VRFC 10-163] Analyzing VHDL file "D:/Vivado/CPE 233/Exp. 9 Interrupts/Exp. 9 Interrupts.srcs/sim_1/imports/new/SCRATCH_RAM_SIM.vhd" into library xil_defaultlib
INFO: [VRFC 10-307] analyzing entity CPU_SIM
