Design Route Status
                                               :      # nets :
   ------------------------------------------- : ----------- :
<<<<<<< HEAD
   # of logical nets.......................... :        3062 :
       # of nets not needing routing.......... :        1005 :
           # of internally routed nets........ :         989 :
           # of nets with no loads............ :          16 :
       # of routable nets..................... :        2057 :
           # of fully routed nets............. :        2057 :
=======
   # of logical nets.......................... :        3061 :
       # of nets not needing routing.......... :        1017 :
           # of internally routed nets........ :        1001 :
           # of nets with no loads............ :          16 :
       # of routable nets..................... :        2044 :
           # of fully routed nets............. :        2044 :
>>>>>>> parent of 40cbf29... just added null when branches are taken
       # of nets with routing errors.......... :           0 :
   ------------------------------------------- : ----------- :

