Copyright 1986-2017 Xilinx, Inc. All Rights Reserved.
----------------------------------------------------------------------------------------
| Tool Version : Vivado v.2017.4 (win64) Build 2086221 Fri Dec 15 20:55:39 MST 2017
| Date         : Tue Apr 24 22:26:15 2018
| Host         : LAPTOP-PQR7H391 running 64-bit major release  (build 9200)
| Command      : report_control_sets -verbose -file SYS_WRAPPER_control_sets_placed.rpt
| Design       : SYS_WRAPPER
| Device       : xc7a35t
----------------------------------------------------------------------------------------

Control Set Information

Table of Contents
-----------------
1. Summary
2. Flip-Flop Distribution
3. Detailed Control Set Information

1. Summary
----------

+----------------------------------------------------------+-------+
|                          Status                          | Count |
+----------------------------------------------------------+-------+
| Number of unique control sets                            |    17 |
| Unused register locations in slices containing registers |    43 |
+----------------------------------------------------------+-------+


2. Flip-Flop Distribution
-------------------------

+--------------+-----------------------+------------------------+-----------------+--------------+
| Clock Enable | Synchronous Set/Reset | Asynchronous Set/Reset | Total Registers | Total Slices |
+--------------+-----------------------+------------------------+-----------------+--------------+
| No           | No                    | No                     |             146 |           52 |
| No           | No                    | Yes                    |               0 |            0 |
| No           | Yes                   | No                     |              34 |           10 |
| Yes          | No                    | No                     |              55 |           27 |
| Yes          | No                    | Yes                    |               8 |            1 |
| Yes          | Yes                   | No                     |              18 |            8 |
+--------------+-----------------------+------------------------+-----------------+--------------+


3. Detailed Control Set Information
-----------------------------------

+----------------------------------------+-----------------------------------------+-----------------------------------------+------------------+----------------+
|              Clock Signal              |              Enable Signal              |             Set/Reset Signal            | Slice Load Count | Bel Load Count |
+----------------------------------------+-----------------------------------------+-----------------------------------------+------------------+----------------+
|  SCLK_BUFG                             |                                         | RST_IBUF                                |                1 |              1 |
|  rat/CPU/hazard/branch_ind_reg_i_1_n_0 |                                         | rat/CPU/fetch/prog/s_p2_clk0            |                1 |              2 |
|  sg/my_clk/CLK                         |                                         |                                         |                1 |              2 |
|  CLK_IBUF_BUFG                         |                                         |                                         |                2 |              3 |
|  SCLK_BUFG                             | rat/CPU/hazard/r_SSEG_VAL1_reg[9][1]    |                                         |                3 |              6 |
|  SCLK_BUFG                             | rat/CPU/hazard/r_SSEG_CR_reg[0][0]      |                                         |                3 |              7 |
|  SCLK_BUFG                             | rat/CPU/decode_buffer/E[0]              | rat/CPU/decode_buffer/AR[0]             |                1 |              8 |
|  SCLK_BUFG                             | rat/CPU/hazard/r_LEDS_reg[8][1]         |                                         |                3 |              8 |
|  SCLK_BUFG                             | rat/CPU/hazard/r_SSEG_VAL1_reg[9][0]    |                                         |                5 |              8 |
|  SCLK_BUFG                             | rat/CPU/hazard/r_LEDS_reg[8][0]         |                                         |                4 |              8 |
|  SCLK_BUFG                             | rat/CPU/hazard/r_SSEG_VAL2_reg[0][0]    |                                         |                7 |              8 |
|  SCLK_BUFG                             | my_debouncer/bounce_counter/s_count_inc | my_debouncer/bounce_counter/s_count_rst |                2 |              8 |
|  SCLK_BUFG                             | rat/CPU/hazard/E[0]                     |                                         |                2 |             10 |
|  SCLK_BUFG                             | rat/CPU/hazard/count_sig_reg[0][0]      | rat/CPU/decode/my_cu/SR[0]              |                6 |             10 |
|  CLK_IBUF_BUFG                         |                                         | sg/my_clk/tmp_clk                       |                8 |             31 |
|  SCLK_BUFG                             | rat/CPU/exec_buffer/s_RF_WR_IN          |                                         |                4 |             32 |
|  SCLK_BUFG                             |                                         |                                         |               49 |            141 |
+----------------------------------------+-----------------------------------------+-----------------------------------------+------------------+----------------+


+--------+-----------------------+
| Fanout | Number of ControlSets |
+--------+-----------------------+
| 1      |                     1 |
| 2      |                     2 |
| 3      |                     1 |
| 6      |                     1 |
| 7      |                     1 |
| 8      |                     6 |
| 10     |                     2 |
| 16+    |                     3 |
+--------+-----------------------+


