Copyright 1986-2017 Xilinx, Inc. All Rights Reserved.
---------------------------------------------------------------------------------------------------------------------------------------------------------------
| Tool Version : Vivado v.2017.4 (win64) Build 2086221 Fri Dec 15 20:55:39 MST 2017
| Date         : Tue Apr 10 08:52:06 2018
| Host         : Puget-141625 running 64-bit Service Pack 1  (build 7601)
| Command      : report_timing_summary -max_paths 10 -file SYS_WRAPPER_timing_summary_routed.rpt -rpx SYS_WRAPPER_timing_summary_routed.rpx -warn_on_violation
| Design       : SYS_WRAPPER
| Device       : 7a35t-cpg236
| Speed File   : -1  PRODUCTION 1.20 2017-11-01
---------------------------------------------------------------------------------------------------------------------------------------------------------------

Timing Summary Report

------------------------------------------------------------------------------------------------
| Timer Settings
| --------------
------------------------------------------------------------------------------------------------

  Enable Multi Corner Analysis               :  Yes
  Enable Pessimism Removal                   :  Yes
  Pessimism Removal Resolution               :  Nearest Common Node
  Enable Input Delay Default Clock           :  No
  Enable Preset / Clear Arcs                 :  No
  Disable Flight Delays                      :  No
  Ignore I/O Paths                           :  No
  Timing Early Launch at Borrowing Latches   :  false

  Corner  Analyze    Analyze    
  Name    Max Paths  Min Paths  
  ------  ---------  ---------  
  Slow    Yes        Yes        
  Fast    Yes        Yes        



check_timing report

Table of Contents
-----------------
1. checking no_clock
2. checking constant_clock
3. checking pulse_width_clock
4. checking unconstrained_internal_endpoints
5. checking no_input_delay
6. checking no_output_delay
7. checking multiple_clock
8. checking generated_clocks
9. checking loops
10. checking partial_input_delay
11. checking partial_output_delay
12. checking latch_loops

1. checking no_clock
--------------------
 There are 138 register/latch pins with no clock driven by root clock pin: div/div_clk_reg/Q (HIGH)

 There are 2 register/latch pins with no clock driven by root clock pin: sg/my_clk/tmp_clk_reg/Q (HIGH)


2. checking constant_clock
--------------------------
 There are 0 register/latch pins with constant_clock.


3. checking pulse_width_clock
-----------------------------
 There are 0 register/latch pins which need pulse_width check


4. checking unconstrained_internal_endpoints
--------------------------------------------
 There are 703 pins that are not constrained for maximum delay. (HIGH)

 There are 0 pins that are not constrained for maximum delay due to constant clock.


5. checking no_input_delay
--------------------------
 There are 18 input ports with no input delay specified. (HIGH)

 There are 0 input ports with no input delay but user has a false path constraint.


6. checking no_output_delay
---------------------------
 There are 28 ports with no output delay specified. (HIGH)

 There are 0 ports with no output delay but user has a false path constraint

 There are 0 ports with no output delay but with a timing clock defined on it or propagating through it


7. checking multiple_clock
--------------------------
 There are 0 register/latch pins with multiple clocks.


8. checking generated_clocks
----------------------------
 There are 0 generated clocks that are not connected to a clock source.


9. checking loops
-----------------
 There are 0 combinational loops in the design.


10. checking partial_input_delay
--------------------------------
 There are 0 input ports with partial input delay specified.


11. checking partial_output_delay
---------------------------------
 There are 0 ports with partial output delay specified.


12. checking latch_loops
------------------------
 There are 0 combinational latch loops in the design through latch input



------------------------------------------------------------------------------------------------
| Design Timing Summary
| ---------------------
------------------------------------------------------------------------------------------------

    WNS(ns)      TNS(ns)  TNS Failing Endpoints  TNS Total Endpoints      WHS(ns)      THS(ns)  THS Failing Endpoints  THS Total Endpoints     WPWS(ns)     TPWS(ns)  TPWS Failing Endpoints  TPWS Total Endpoints  
    -------      -------  ---------------------  -------------------      -------      -------  ---------------------  -------------------     --------     --------  ----------------------  --------------------  
      4.907        0.000                      0                   65        0.336        0.000                      0                   65        4.500        0.000                       0                    35  


All user specified timing constraints are met.


------------------------------------------------------------------------------------------------
| Clock Summary
| -------------
------------------------------------------------------------------------------------------------

Clock        Waveform(ns)       Period(ns)      Frequency(MHz)
-----        ------------       ----------      --------------
sys_clk_pin  {0.000 5.000}      10.000          100.000         


------------------------------------------------------------------------------------------------
| Intra Clock Table
| -----------------
------------------------------------------------------------------------------------------------

Clock             WNS(ns)      TNS(ns)  TNS Failing Endpoints  TNS Total Endpoints      WHS(ns)      THS(ns)  THS Failing Endpoints  THS Total Endpoints     WPWS(ns)     TPWS(ns)  TPWS Failing Endpoints  TPWS Total Endpoints  
-----             -------      -------  ---------------------  -------------------      -------      -------  ---------------------  -------------------     --------     --------  ----------------------  --------------------  
sys_clk_pin         4.907        0.000                      0                   65        0.336        0.000                      0                   65        4.500        0.000                       0                    35  


------------------------------------------------------------------------------------------------
| Inter Clock Table
| -----------------
------------------------------------------------------------------------------------------------

From Clock    To Clock          WNS(ns)      TNS(ns)  TNS Failing Endpoints  TNS Total Endpoints      WHS(ns)      THS(ns)  THS Failing Endpoints  THS Total Endpoints  
----------    --------          -------      -------  ---------------------  -------------------      -------      -------  ---------------------  -------------------  


------------------------------------------------------------------------------------------------
| Other Path Groups Table
| -----------------------
------------------------------------------------------------------------------------------------

Path Group    From Clock    To Clock          WNS(ns)      TNS(ns)  TNS Failing Endpoints  TNS Total Endpoints      WHS(ns)      THS(ns)  THS Failing Endpoints  THS Total Endpoints  
----------    ----------    --------          -------      -------  ---------------------  -------------------      -------      -------  ---------------------  -------------------  


------------------------------------------------------------------------------------------------
| Timing Details
| --------------
------------------------------------------------------------------------------------------------


---------------------------------------------------------------------------------------------------
From Clock:  sys_clk_pin
  To Clock:  sys_clk_pin

Setup :            0  Failing Endpoints,  Worst Slack        4.907ns,  Total Violation        0.000ns
Hold  :            0  Failing Endpoints,  Worst Slack        0.336ns,  Total Violation        0.000ns
PW    :            0  Failing Endpoints,  Worst Slack        4.500ns,  Total Violation        0.000ns
---------------------------------------------------------------------------------------------------


Max Delay Paths
--------------------------------------------------------------------------------------
Slack (MET) :             4.907ns  (required time - arrival time)
  Source:                 sg/my_clk/div_cnt_reg[7]/C
                            (rising edge-triggered cell FDRE clocked by sys_clk_pin  {rise@0.000ns fall@5.000ns period=10.000ns})
  Destination:            sg/my_clk/div_cnt_reg[1]/R
                            (rising edge-triggered cell FDRE clocked by sys_clk_pin  {rise@0.000ns fall@5.000ns period=10.000ns})
  Path Group:             sys_clk_pin
  Path Type:              Setup (Max at Slow Process Corner)
  Requirement:            10.000ns  (sys_clk_pin rise@10.000ns - sys_clk_pin rise@0.000ns)
  Data Path Delay:        4.605ns  (logic 0.952ns (20.673%)  route 3.653ns (79.327%))
  Logic Levels:           4  (LUT2=1 LUT4=1 LUT6=2)
  Clock Path Skew:        -0.024ns (DCD - SCD + CPR)
    Destination Clock Delay (DCD):    4.843ns = ( 14.843 - 10.000 ) 
    Source Clock Delay      (SCD):    5.141ns
    Clock Pessimism Removal (CPR):    0.274ns
  Clock Uncertainty:      0.035ns  ((TSJ^2 + TIJ^2)^1/2 + DJ) / 2 + PE
    Total System Jitter     (TSJ):    0.071ns
    Total Input Jitter      (TIJ):    0.000ns
    Discrete Jitter          (DJ):    0.000ns
    Phase Error              (PE):    0.000ns

    Location             Delay type                Incr(ns)  Path(ns)    Netlist Resource(s)
  -------------------------------------------------------------------    -------------------
                         (clock sys_clk_pin rise edge)
                                                      0.000     0.000 r  
    W5                                                0.000     0.000 r  CLK (IN)
                         net (fo=0)                   0.000     0.000    CLK
    W5                   IBUF (Prop_ibuf_I_O)         1.458     1.458 r  CLK_IBUF_inst/O
                         net (fo=1, routed)           1.967     3.425    CLK_IBUF
    BUFGCTRL_X0Y1        BUFG (Prop_bufg_I_O)         0.096     3.521 r  CLK_IBUF_BUFG_inst/O
                         net (fo=34, routed)          1.620     5.141    sg/my_clk/CLK_IBUF_BUFG
    SLICE_X62Y26         FDRE                                         r  sg/my_clk/div_cnt_reg[7]/C
  -------------------------------------------------------------------    -------------------
    SLICE_X62Y26         FDRE (Prop_fdre_C_Q)         0.456     5.597 r  sg/my_clk/div_cnt_reg[7]/Q
                         net (fo=2, routed)           1.395     6.992    sg/my_clk/div_cnt[7]
    SLICE_X63Y26         LUT4 (Prop_lut4_I0_O)        0.124     7.116 f  sg/my_clk/div_cnt[0]_i_6/O
                         net (fo=1, routed)           0.433     7.549    sg/my_clk/div_cnt[0]_i_6_n_0
    SLICE_X63Y26         LUT6 (Prop_lut6_I0_O)        0.124     7.673 f  sg/my_clk/div_cnt[0]_i_3/O
                         net (fo=1, routed)           0.548     8.221    sg/my_clk/div_cnt[0]_i_3_n_0
    SLICE_X63Y29         LUT6 (Prop_lut6_I0_O)        0.124     8.345 f  sg/my_clk/div_cnt[0]_i_2/O
                         net (fo=3, routed)           0.165     8.510    sg/my_clk/div_cnt[0]_i_2_n_0
    SLICE_X63Y29         LUT2 (Prop_lut2_I0_O)        0.124     8.634 r  sg/my_clk/div_cnt[31]_i_1/O
                         net (fo=31, routed)          1.112     9.746    sg/my_clk/tmp_clk
    SLICE_X62Y25         FDRE                                         r  sg/my_clk/div_cnt_reg[1]/R
  -------------------------------------------------------------------    -------------------

                         (clock sys_clk_pin rise edge)
                                                     10.000    10.000 r  
    W5                                                0.000    10.000 r  CLK (IN)
                         net (fo=0)                   0.000    10.000    CLK
    W5                   IBUF (Prop_ibuf_I_O)         1.388    11.388 r  CLK_IBUF_inst/O
                         net (fo=1, routed)           1.862    13.250    CLK_IBUF
    BUFGCTRL_X0Y1        BUFG (Prop_bufg_I_O)         0.091    13.341 r  CLK_IBUF_BUFG_inst/O
                         net (fo=34, routed)          1.502    14.843    sg/my_clk/CLK_IBUF_BUFG
    SLICE_X62Y25         FDRE                                         r  sg/my_clk/div_cnt_reg[1]/C
                         clock pessimism              0.274    15.117    
                         clock uncertainty           -0.035    15.082    
    SLICE_X62Y25         FDRE (Setup_fdre_C_R)       -0.429    14.653    sg/my_clk/div_cnt_reg[1]
  -------------------------------------------------------------------
                         required time                         14.653    
                         arrival time                          -9.746    
  -------------------------------------------------------------------
                         slack                                  4.907    

Slack (MET) :             4.907ns  (required time - arrival time)
  Source:                 sg/my_clk/div_cnt_reg[7]/C
                            (rising edge-triggered cell FDRE clocked by sys_clk_pin  {rise@0.000ns fall@5.000ns period=10.000ns})
  Destination:            sg/my_clk/div_cnt_reg[2]/R
                            (rising edge-triggered cell FDRE clocked by sys_clk_pin  {rise@0.000ns fall@5.000ns period=10.000ns})
  Path Group:             sys_clk_pin
  Path Type:              Setup (Max at Slow Process Corner)
  Requirement:            10.000ns  (sys_clk_pin rise@10.000ns - sys_clk_pin rise@0.000ns)
  Data Path Delay:        4.605ns  (logic 0.952ns (20.673%)  route 3.653ns (79.327%))
  Logic Levels:           4  (LUT2=1 LUT4=1 LUT6=2)
  Clock Path Skew:        -0.024ns (DCD - SCD + CPR)
    Destination Clock Delay (DCD):    4.843ns = ( 14.843 - 10.000 ) 
    Source Clock Delay      (SCD):    5.141ns
    Clock Pessimism Removal (CPR):    0.274ns
  Clock Uncertainty:      0.035ns  ((TSJ^2 + TIJ^2)^1/2 + DJ) / 2 + PE
    Total System Jitter     (TSJ):    0.071ns
    Total Input Jitter      (TIJ):    0.000ns
    Discrete Jitter          (DJ):    0.000ns
    Phase Error              (PE):    0.000ns

    Location             Delay type                Incr(ns)  Path(ns)    Netlist Resource(s)
  -------------------------------------------------------------------    -------------------
                         (clock sys_clk_pin rise edge)
                                                      0.000     0.000 r  
    W5                                                0.000     0.000 r  CLK (IN)
                         net (fo=0)                   0.000     0.000    CLK
    W5                   IBUF (Prop_ibuf_I_O)         1.458     1.458 r  CLK_IBUF_inst/O
                         net (fo=1, routed)           1.967     3.425    CLK_IBUF
    BUFGCTRL_X0Y1        BUFG (Prop_bufg_I_O)         0.096     3.521 r  CLK_IBUF_BUFG_inst/O
                         net (fo=34, routed)          1.620     5.141    sg/my_clk/CLK_IBUF_BUFG
    SLICE_X62Y26         FDRE                                         r  sg/my_clk/div_cnt_reg[7]/C
  -------------------------------------------------------------------    -------------------
    SLICE_X62Y26         FDRE (Prop_fdre_C_Q)         0.456     5.597 r  sg/my_clk/div_cnt_reg[7]/Q
                         net (fo=2, routed)           1.395     6.992    sg/my_clk/div_cnt[7]
    SLICE_X63Y26         LUT4 (Prop_lut4_I0_O)        0.124     7.116 f  sg/my_clk/div_cnt[0]_i_6/O
                         net (fo=1, routed)           0.433     7.549    sg/my_clk/div_cnt[0]_i_6_n_0
    SLICE_X63Y26         LUT6 (Prop_lut6_I0_O)        0.124     7.673 f  sg/my_clk/div_cnt[0]_i_3/O
                         net (fo=1, routed)           0.548     8.221    sg/my_clk/div_cnt[0]_i_3_n_0
    SLICE_X63Y29         LUT6 (Prop_lut6_I0_O)        0.124     8.345 f  sg/my_clk/div_cnt[0]_i_2/O
                         net (fo=3, routed)           0.165     8.510    sg/my_clk/div_cnt[0]_i_2_n_0
    SLICE_X63Y29         LUT2 (Prop_lut2_I0_O)        0.124     8.634 r  sg/my_clk/div_cnt[31]_i_1/O
                         net (fo=31, routed)          1.112     9.746    sg/my_clk/tmp_clk
    SLICE_X62Y25         FDRE                                         r  sg/my_clk/div_cnt_reg[2]/R
  -------------------------------------------------------------------    -------------------

                         (clock sys_clk_pin rise edge)
                                                     10.000    10.000 r  
    W5                                                0.000    10.000 r  CLK (IN)
                         net (fo=0)                   0.000    10.000    CLK
    W5                   IBUF (Prop_ibuf_I_O)         1.388    11.388 r  CLK_IBUF_inst/O
                         net (fo=1, routed)           1.862    13.250    CLK_IBUF
    BUFGCTRL_X0Y1        BUFG (Prop_bufg_I_O)         0.091    13.341 r  CLK_IBUF_BUFG_inst/O
                         net (fo=34, routed)          1.502    14.843    sg/my_clk/CLK_IBUF_BUFG
    SLICE_X62Y25         FDRE                                         r  sg/my_clk/div_cnt_reg[2]/C
                         clock pessimism              0.274    15.117    
                         clock uncertainty           -0.035    15.082    
    SLICE_X62Y25         FDRE (Setup_fdre_C_R)       -0.429    14.653    sg/my_clk/div_cnt_reg[2]
  -------------------------------------------------------------------
                         required time                         14.653    
                         arrival time                          -9.746    
  -------------------------------------------------------------------
                         slack                                  4.907    

Slack (MET) :             4.907ns  (required time - arrival time)
  Source:                 sg/my_clk/div_cnt_reg[7]/C
                            (rising edge-triggered cell FDRE clocked by sys_clk_pin  {rise@0.000ns fall@5.000ns period=10.000ns})
  Destination:            sg/my_clk/div_cnt_reg[3]/R
                            (rising edge-triggered cell FDRE clocked by sys_clk_pin  {rise@0.000ns fall@5.000ns period=10.000ns})
  Path Group:             sys_clk_pin
  Path Type:              Setup (Max at Slow Process Corner)
  Requirement:            10.000ns  (sys_clk_pin rise@10.000ns - sys_clk_pin rise@0.000ns)
  Data Path Delay:        4.605ns  (logic 0.952ns (20.673%)  route 3.653ns (79.327%))
  Logic Levels:           4  (LUT2=1 LUT4=1 LUT6=2)
  Clock Path Skew:        -0.024ns (DCD - SCD + CPR)
    Destination Clock Delay (DCD):    4.843ns = ( 14.843 - 10.000 ) 
    Source Clock Delay      (SCD):    5.141ns
    Clock Pessimism Removal (CPR):    0.274ns
  Clock Uncertainty:      0.035ns  ((TSJ^2 + TIJ^2)^1/2 + DJ) / 2 + PE
    Total System Jitter     (TSJ):    0.071ns
    Total Input Jitter      (TIJ):    0.000ns
    Discrete Jitter          (DJ):    0.000ns
    Phase Error              (PE):    0.000ns

    Location             Delay type                Incr(ns)  Path(ns)    Netlist Resource(s)
  -------------------------------------------------------------------    -------------------
                         (clock sys_clk_pin rise edge)
                                                      0.000     0.000 r  
    W5                                                0.000     0.000 r  CLK (IN)
                         net (fo=0)                   0.000     0.000    CLK
    W5                   IBUF (Prop_ibuf_I_O)         1.458     1.458 r  CLK_IBUF_inst/O
                         net (fo=1, routed)           1.967     3.425    CLK_IBUF
    BUFGCTRL_X0Y1        BUFG (Prop_bufg_I_O)         0.096     3.521 r  CLK_IBUF_BUFG_inst/O
                         net (fo=34, routed)          1.620     5.141    sg/my_clk/CLK_IBUF_BUFG
    SLICE_X62Y26         FDRE                                         r  sg/my_clk/div_cnt_reg[7]/C
  -------------------------------------------------------------------    -------------------
    SLICE_X62Y26         FDRE (Prop_fdre_C_Q)         0.456     5.597 r  sg/my_clk/div_cnt_reg[7]/Q
                         net (fo=2, routed)           1.395     6.992    sg/my_clk/div_cnt[7]
    SLICE_X63Y26         LUT4 (Prop_lut4_I0_O)        0.124     7.116 f  sg/my_clk/div_cnt[0]_i_6/O
                         net (fo=1, routed)           0.433     7.549    sg/my_clk/div_cnt[0]_i_6_n_0
    SLICE_X63Y26         LUT6 (Prop_lut6_I0_O)        0.124     7.673 f  sg/my_clk/div_cnt[0]_i_3/O
                         net (fo=1, routed)           0.548     8.221    sg/my_clk/div_cnt[0]_i_3_n_0
    SLICE_X63Y29         LUT6 (Prop_lut6_I0_O)        0.124     8.345 f  sg/my_clk/div_cnt[0]_i_2/O
                         net (fo=3, routed)           0.165     8.510    sg/my_clk/div_cnt[0]_i_2_n_0
    SLICE_X63Y29         LUT2 (Prop_lut2_I0_O)        0.124     8.634 r  sg/my_clk/div_cnt[31]_i_1/O
                         net (fo=31, routed)          1.112     9.746    sg/my_clk/tmp_clk
    SLICE_X62Y25         FDRE                                         r  sg/my_clk/div_cnt_reg[3]/R
  -------------------------------------------------------------------    -------------------

                         (clock sys_clk_pin rise edge)
                                                     10.000    10.000 r  
    W5                                                0.000    10.000 r  CLK (IN)
                         net (fo=0)                   0.000    10.000    CLK
    W5                   IBUF (Prop_ibuf_I_O)         1.388    11.388 r  CLK_IBUF_inst/O
                         net (fo=1, routed)           1.862    13.250    CLK_IBUF
    BUFGCTRL_X0Y1        BUFG (Prop_bufg_I_O)         0.091    13.341 r  CLK_IBUF_BUFG_inst/O
                         net (fo=34, routed)          1.502    14.843    sg/my_clk/CLK_IBUF_BUFG
    SLICE_X62Y25         FDRE                                         r  sg/my_clk/div_cnt_reg[3]/C
                         clock pessimism              0.274    15.117    
                         clock uncertainty           -0.035    15.082    
    SLICE_X62Y25         FDRE (Setup_fdre_C_R)       -0.429    14.653    sg/my_clk/div_cnt_reg[3]
  -------------------------------------------------------------------
                         required time                         14.653    
                         arrival time                          -9.746    
  -------------------------------------------------------------------
                         slack                                  4.907    

Slack (MET) :             4.907ns  (required time - arrival time)
  Source:                 sg/my_clk/div_cnt_reg[7]/C
                            (rising edge-triggered cell FDRE clocked by sys_clk_pin  {rise@0.000ns fall@5.000ns period=10.000ns})
  Destination:            sg/my_clk/div_cnt_reg[4]/R
                            (rising edge-triggered cell FDRE clocked by sys_clk_pin  {rise@0.000ns fall@5.000ns period=10.000ns})
  Path Group:             sys_clk_pin
  Path Type:              Setup (Max at Slow Process Corner)
  Requirement:            10.000ns  (sys_clk_pin rise@10.000ns - sys_clk_pin rise@0.000ns)
  Data Path Delay:        4.605ns  (logic 0.952ns (20.673%)  route 3.653ns (79.327%))
  Logic Levels:           4  (LUT2=1 LUT4=1 LUT6=2)
  Clock Path Skew:        -0.024ns (DCD - SCD + CPR)
    Destination Clock Delay (DCD):    4.843ns = ( 14.843 - 10.000 ) 
    Source Clock Delay      (SCD):    5.141ns
    Clock Pessimism Removal (CPR):    0.274ns
  Clock Uncertainty:      0.035ns  ((TSJ^2 + TIJ^2)^1/2 + DJ) / 2 + PE
    Total System Jitter     (TSJ):    0.071ns
    Total Input Jitter      (TIJ):    0.000ns
    Discrete Jitter          (DJ):    0.000ns
    Phase Error              (PE):    0.000ns

    Location             Delay type                Incr(ns)  Path(ns)    Netlist Resource(s)
  -------------------------------------------------------------------    -------------------
                         (clock sys_clk_pin rise edge)
                                                      0.000     0.000 r  
    W5                                                0.000     0.000 r  CLK (IN)
                         net (fo=0)                   0.000     0.000    CLK
    W5                   IBUF (Prop_ibuf_I_O)         1.458     1.458 r  CLK_IBUF_inst/O
                         net (fo=1, routed)           1.967     3.425    CLK_IBUF
    BUFGCTRL_X0Y1        BUFG (Prop_bufg_I_O)         0.096     3.521 r  CLK_IBUF_BUFG_inst/O
                         net (fo=34, routed)          1.620     5.141    sg/my_clk/CLK_IBUF_BUFG
    SLICE_X62Y26         FDRE                                         r  sg/my_clk/div_cnt_reg[7]/C
  -------------------------------------------------------------------    -------------------
    SLICE_X62Y26         FDRE (Prop_fdre_C_Q)         0.456     5.597 r  sg/my_clk/div_cnt_reg[7]/Q
                         net (fo=2, routed)           1.395     6.992    sg/my_clk/div_cnt[7]
    SLICE_X63Y26         LUT4 (Prop_lut4_I0_O)        0.124     7.116 f  sg/my_clk/div_cnt[0]_i_6/O
                         net (fo=1, routed)           0.433     7.549    sg/my_clk/div_cnt[0]_i_6_n_0
    SLICE_X63Y26         LUT6 (Prop_lut6_I0_O)        0.124     7.673 f  sg/my_clk/div_cnt[0]_i_3/O
                         net (fo=1, routed)           0.548     8.221    sg/my_clk/div_cnt[0]_i_3_n_0
    SLICE_X63Y29         LUT6 (Prop_lut6_I0_O)        0.124     8.345 f  sg/my_clk/div_cnt[0]_i_2/O
                         net (fo=3, routed)           0.165     8.510    sg/my_clk/div_cnt[0]_i_2_n_0
    SLICE_X63Y29         LUT2 (Prop_lut2_I0_O)        0.124     8.634 r  sg/my_clk/div_cnt[31]_i_1/O
                         net (fo=31, routed)          1.112     9.746    sg/my_clk/tmp_clk
    SLICE_X62Y25         FDRE                                         r  sg/my_clk/div_cnt_reg[4]/R
  -------------------------------------------------------------------    -------------------

                         (clock sys_clk_pin rise edge)
                                                     10.000    10.000 r  
    W5                                                0.000    10.000 r  CLK (IN)
                         net (fo=0)                   0.000    10.000    CLK
    W5                   IBUF (Prop_ibuf_I_O)         1.388    11.388 r  CLK_IBUF_inst/O
                         net (fo=1, routed)           1.862    13.250    CLK_IBUF
    BUFGCTRL_X0Y1        BUFG (Prop_bufg_I_O)         0.091    13.341 r  CLK_IBUF_BUFG_inst/O
                         net (fo=34, routed)          1.502    14.843    sg/my_clk/CLK_IBUF_BUFG
    SLICE_X62Y25         FDRE                                         r  sg/my_clk/div_cnt_reg[4]/C
                         clock pessimism              0.274    15.117    
                         clock uncertainty           -0.035    15.082    
    SLICE_X62Y25         FDRE (Setup_fdre_C_R)       -0.429    14.653    sg/my_clk/div_cnt_reg[4]
  -------------------------------------------------------------------
                         required time                         14.653    
                         arrival time                          -9.746    
  -------------------------------------------------------------------
                         slack                                  4.907    

Slack (MET) :             5.001ns  (required time - arrival time)
  Source:                 sg/my_clk/div_cnt_reg[7]/C
                            (rising edge-triggered cell FDRE clocked by sys_clk_pin  {rise@0.000ns fall@5.000ns period=10.000ns})
  Destination:            sg/my_clk/div_cnt_reg[29]/R
                            (rising edge-triggered cell FDRE clocked by sys_clk_pin  {rise@0.000ns fall@5.000ns period=10.000ns})
  Path Group:             sys_clk_pin
  Path Type:              Setup (Max at Slow Process Corner)
  Requirement:            10.000ns  (sys_clk_pin rise@10.000ns - sys_clk_pin rise@0.000ns)
  Data Path Delay:        4.519ns  (logic 0.952ns (21.065%)  route 3.567ns (78.935%))
  Logic Levels:           4  (LUT2=1 LUT4=1 LUT6=2)
  Clock Path Skew:        -0.015ns (DCD - SCD + CPR)
    Destination Clock Delay (DCD):    4.852ns = ( 14.852 - 10.000 ) 
    Source Clock Delay      (SCD):    5.141ns
    Clock Pessimism Removal (CPR):    0.274ns
  Clock Uncertainty:      0.035ns  ((TSJ^2 + TIJ^2)^1/2 + DJ) / 2 + PE
    Total System Jitter     (TSJ):    0.071ns
    Total Input Jitter      (TIJ):    0.000ns
    Discrete Jitter          (DJ):    0.000ns
    Phase Error              (PE):    0.000ns

    Location             Delay type                Incr(ns)  Path(ns)    Netlist Resource(s)
  -------------------------------------------------------------------    -------------------
                         (clock sys_clk_pin rise edge)
                                                      0.000     0.000 r  
    W5                                                0.000     0.000 r  CLK (IN)
                         net (fo=0)                   0.000     0.000    CLK
    W5                   IBUF (Prop_ibuf_I_O)         1.458     1.458 r  CLK_IBUF_inst/O
                         net (fo=1, routed)           1.967     3.425    CLK_IBUF
    BUFGCTRL_X0Y1        BUFG (Prop_bufg_I_O)         0.096     3.521 r  CLK_IBUF_BUFG_inst/O
                         net (fo=34, routed)          1.620     5.141    sg/my_clk/CLK_IBUF_BUFG
    SLICE_X62Y26         FDRE                                         r  sg/my_clk/div_cnt_reg[7]/C
  -------------------------------------------------------------------    -------------------
    SLICE_X62Y26         FDRE (Prop_fdre_C_Q)         0.456     5.597 r  sg/my_clk/div_cnt_reg[7]/Q
                         net (fo=2, routed)           1.395     6.992    sg/my_clk/div_cnt[7]
    SLICE_X63Y26         LUT4 (Prop_lut4_I0_O)        0.124     7.116 f  sg/my_clk/div_cnt[0]_i_6/O
                         net (fo=1, routed)           0.433     7.549    sg/my_clk/div_cnt[0]_i_6_n_0
    SLICE_X63Y26         LUT6 (Prop_lut6_I0_O)        0.124     7.673 f  sg/my_clk/div_cnt[0]_i_3/O
                         net (fo=1, routed)           0.548     8.221    sg/my_clk/div_cnt[0]_i_3_n_0
    SLICE_X63Y29         LUT6 (Prop_lut6_I0_O)        0.124     8.345 f  sg/my_clk/div_cnt[0]_i_2/O
                         net (fo=3, routed)           0.165     8.510    sg/my_clk/div_cnt[0]_i_2_n_0
    SLICE_X63Y29         LUT2 (Prop_lut2_I0_O)        0.124     8.634 r  sg/my_clk/div_cnt[31]_i_1/O
                         net (fo=31, routed)          1.027     9.661    sg/my_clk/tmp_clk
    SLICE_X62Y32         FDRE                                         r  sg/my_clk/div_cnt_reg[29]/R
  -------------------------------------------------------------------    -------------------

                         (clock sys_clk_pin rise edge)
                                                     10.000    10.000 r  
    W5                                                0.000    10.000 r  CLK (IN)
                         net (fo=0)                   0.000    10.000    CLK
    W5                   IBUF (Prop_ibuf_I_O)         1.388    11.388 r  CLK_IBUF_inst/O
                         net (fo=1, routed)           1.862    13.250    CLK_IBUF
    BUFGCTRL_X0Y1        BUFG (Prop_bufg_I_O)         0.091    13.341 r  CLK_IBUF_BUFG_inst/O
                         net (fo=34, routed)          1.511    14.852    sg/my_clk/CLK_IBUF_BUFG
    SLICE_X62Y32         FDRE                                         r  sg/my_clk/div_cnt_reg[29]/C
                         clock pessimism              0.274    15.126    
                         clock uncertainty           -0.035    15.091    
    SLICE_X62Y32         FDRE (Setup_fdre_C_R)       -0.429    14.662    sg/my_clk/div_cnt_reg[29]
  -------------------------------------------------------------------
                         required time                         14.662    
                         arrival time                          -9.661    
  -------------------------------------------------------------------
                         slack                                  5.001    

Slack (MET) :             5.001ns  (required time - arrival time)
  Source:                 sg/my_clk/div_cnt_reg[7]/C
                            (rising edge-triggered cell FDRE clocked by sys_clk_pin  {rise@0.000ns fall@5.000ns period=10.000ns})
  Destination:            sg/my_clk/div_cnt_reg[30]/R
                            (rising edge-triggered cell FDRE clocked by sys_clk_pin  {rise@0.000ns fall@5.000ns period=10.000ns})
  Path Group:             sys_clk_pin
  Path Type:              Setup (Max at Slow Process Corner)
  Requirement:            10.000ns  (sys_clk_pin rise@10.000ns - sys_clk_pin rise@0.000ns)
  Data Path Delay:        4.519ns  (logic 0.952ns (21.065%)  route 3.567ns (78.935%))
  Logic Levels:           4  (LUT2=1 LUT4=1 LUT6=2)
  Clock Path Skew:        -0.015ns (DCD - SCD + CPR)
    Destination Clock Delay (DCD):    4.852ns = ( 14.852 - 10.000 ) 
    Source Clock Delay      (SCD):    5.141ns
    Clock Pessimism Removal (CPR):    0.274ns
  Clock Uncertainty:      0.035ns  ((TSJ^2 + TIJ^2)^1/2 + DJ) / 2 + PE
    Total System Jitter     (TSJ):    0.071ns
    Total Input Jitter      (TIJ):    0.000ns
    Discrete Jitter          (DJ):    0.000ns
    Phase Error              (PE):    0.000ns

    Location             Delay type                Incr(ns)  Path(ns)    Netlist Resource(s)
  -------------------------------------------------------------------    -------------------
                         (clock sys_clk_pin rise edge)
                                                      0.000     0.000 r  
    W5                                                0.000     0.000 r  CLK (IN)
                         net (fo=0)                   0.000     0.000    CLK
    W5                   IBUF (Prop_ibuf_I_O)         1.458     1.458 r  CLK_IBUF_inst/O
                         net (fo=1, routed)           1.967     3.425    CLK_IBUF
    BUFGCTRL_X0Y1        BUFG (Prop_bufg_I_O)         0.096     3.521 r  CLK_IBUF_BUFG_inst/O
                         net (fo=34, routed)          1.620     5.141    sg/my_clk/CLK_IBUF_BUFG
    SLICE_X62Y26         FDRE                                         r  sg/my_clk/div_cnt_reg[7]/C
  -------------------------------------------------------------------    -------------------
    SLICE_X62Y26         FDRE (Prop_fdre_C_Q)         0.456     5.597 r  sg/my_clk/div_cnt_reg[7]/Q
                         net (fo=2, routed)           1.395     6.992    sg/my_clk/div_cnt[7]
    SLICE_X63Y26         LUT4 (Prop_lut4_I0_O)        0.124     7.116 f  sg/my_clk/div_cnt[0]_i_6/O
                         net (fo=1, routed)           0.433     7.549    sg/my_clk/div_cnt[0]_i_6_n_0
    SLICE_X63Y26         LUT6 (Prop_lut6_I0_O)        0.124     7.673 f  sg/my_clk/div_cnt[0]_i_3/O
                         net (fo=1, routed)           0.548     8.221    sg/my_clk/div_cnt[0]_i_3_n_0
    SLICE_X63Y29         LUT6 (Prop_lut6_I0_O)        0.124     8.345 f  sg/my_clk/div_cnt[0]_i_2/O
                         net (fo=3, routed)           0.165     8.510    sg/my_clk/div_cnt[0]_i_2_n_0
    SLICE_X63Y29         LUT2 (Prop_lut2_I0_O)        0.124     8.634 r  sg/my_clk/div_cnt[31]_i_1/O
                         net (fo=31, routed)          1.027     9.661    sg/my_clk/tmp_clk
    SLICE_X62Y32         FDRE                                         r  sg/my_clk/div_cnt_reg[30]/R
  -------------------------------------------------------------------    -------------------

                         (clock sys_clk_pin rise edge)
                                                     10.000    10.000 r  
    W5                                                0.000    10.000 r  CLK (IN)
                         net (fo=0)                   0.000    10.000    CLK
    W5                   IBUF (Prop_ibuf_I_O)         1.388    11.388 r  CLK_IBUF_inst/O
                         net (fo=1, routed)           1.862    13.250    CLK_IBUF
    BUFGCTRL_X0Y1        BUFG (Prop_bufg_I_O)         0.091    13.341 r  CLK_IBUF_BUFG_inst/O
                         net (fo=34, routed)          1.511    14.852    sg/my_clk/CLK_IBUF_BUFG
    SLICE_X62Y32         FDRE                                         r  sg/my_clk/div_cnt_reg[30]/C
                         clock pessimism              0.274    15.126    
                         clock uncertainty           -0.035    15.091    
    SLICE_X62Y32         FDRE (Setup_fdre_C_R)       -0.429    14.662    sg/my_clk/div_cnt_reg[30]
  -------------------------------------------------------------------
                         required time                         14.662    
                         arrival time                          -9.661    
  -------------------------------------------------------------------
                         slack                                  5.001    

Slack (MET) :             5.001ns  (required time - arrival time)
  Source:                 sg/my_clk/div_cnt_reg[7]/C
                            (rising edge-triggered cell FDRE clocked by sys_clk_pin  {rise@0.000ns fall@5.000ns period=10.000ns})
  Destination:            sg/my_clk/div_cnt_reg[31]/R
                            (rising edge-triggered cell FDRE clocked by sys_clk_pin  {rise@0.000ns fall@5.000ns period=10.000ns})
  Path Group:             sys_clk_pin
  Path Type:              Setup (Max at Slow Process Corner)
  Requirement:            10.000ns  (sys_clk_pin rise@10.000ns - sys_clk_pin rise@0.000ns)
  Data Path Delay:        4.519ns  (logic 0.952ns (21.065%)  route 3.567ns (78.935%))
  Logic Levels:           4  (LUT2=1 LUT4=1 LUT6=2)
  Clock Path Skew:        -0.015ns (DCD - SCD + CPR)
    Destination Clock Delay (DCD):    4.852ns = ( 14.852 - 10.000 ) 
    Source Clock Delay      (SCD):    5.141ns
    Clock Pessimism Removal (CPR):    0.274ns
  Clock Uncertainty:      0.035ns  ((TSJ^2 + TIJ^2)^1/2 + DJ) / 2 + PE
    Total System Jitter     (TSJ):    0.071ns
    Total Input Jitter      (TIJ):    0.000ns
    Discrete Jitter          (DJ):    0.000ns
    Phase Error              (PE):    0.000ns

    Location             Delay type                Incr(ns)  Path(ns)    Netlist Resource(s)
  -------------------------------------------------------------------    -------------------
                         (clock sys_clk_pin rise edge)
                                                      0.000     0.000 r  
    W5                                                0.000     0.000 r  CLK (IN)
                         net (fo=0)                   0.000     0.000    CLK
    W5                   IBUF (Prop_ibuf_I_O)         1.458     1.458 r  CLK_IBUF_inst/O
                         net (fo=1, routed)           1.967     3.425    CLK_IBUF
    BUFGCTRL_X0Y1        BUFG (Prop_bufg_I_O)         0.096     3.521 r  CLK_IBUF_BUFG_inst/O
                         net (fo=34, routed)          1.620     5.141    sg/my_clk/CLK_IBUF_BUFG
    SLICE_X62Y26         FDRE                                         r  sg/my_clk/div_cnt_reg[7]/C
  -------------------------------------------------------------------    -------------------
    SLICE_X62Y26         FDRE (Prop_fdre_C_Q)         0.456     5.597 r  sg/my_clk/div_cnt_reg[7]/Q
                         net (fo=2, routed)           1.395     6.992    sg/my_clk/div_cnt[7]
    SLICE_X63Y26         LUT4 (Prop_lut4_I0_O)        0.124     7.116 f  sg/my_clk/div_cnt[0]_i_6/O
                         net (fo=1, routed)           0.433     7.549    sg/my_clk/div_cnt[0]_i_6_n_0
    SLICE_X63Y26         LUT6 (Prop_lut6_I0_O)        0.124     7.673 f  sg/my_clk/div_cnt[0]_i_3/O
                         net (fo=1, routed)           0.548     8.221    sg/my_clk/div_cnt[0]_i_3_n_0
    SLICE_X63Y29         LUT6 (Prop_lut6_I0_O)        0.124     8.345 f  sg/my_clk/div_cnt[0]_i_2/O
                         net (fo=3, routed)           0.165     8.510    sg/my_clk/div_cnt[0]_i_2_n_0
    SLICE_X63Y29         LUT2 (Prop_lut2_I0_O)        0.124     8.634 r  sg/my_clk/div_cnt[31]_i_1/O
                         net (fo=31, routed)          1.027     9.661    sg/my_clk/tmp_clk
    SLICE_X62Y32         FDRE                                         r  sg/my_clk/div_cnt_reg[31]/R
  -------------------------------------------------------------------    -------------------

                         (clock sys_clk_pin rise edge)
                                                     10.000    10.000 r  
    W5                                                0.000    10.000 r  CLK (IN)
                         net (fo=0)                   0.000    10.000    CLK
    W5                   IBUF (Prop_ibuf_I_O)         1.388    11.388 r  CLK_IBUF_inst/O
                         net (fo=1, routed)           1.862    13.250    CLK_IBUF
    BUFGCTRL_X0Y1        BUFG (Prop_bufg_I_O)         0.091    13.341 r  CLK_IBUF_BUFG_inst/O
                         net (fo=34, routed)          1.511    14.852    sg/my_clk/CLK_IBUF_BUFG
    SLICE_X62Y32         FDRE                                         r  sg/my_clk/div_cnt_reg[31]/C
                         clock pessimism              0.274    15.126    
                         clock uncertainty           -0.035    15.091    
    SLICE_X62Y32         FDRE (Setup_fdre_C_R)       -0.429    14.662    sg/my_clk/div_cnt_reg[31]
  -------------------------------------------------------------------
                         required time                         14.662    
                         arrival time                          -9.661    
  -------------------------------------------------------------------
                         slack                                  5.001    

Slack (MET) :             5.074ns  (required time - arrival time)
  Source:                 sg/my_clk/div_cnt_reg[23]/C
                            (rising edge-triggered cell FDRE clocked by sys_clk_pin  {rise@0.000ns fall@5.000ns period=10.000ns})
  Destination:            sg/my_clk/div_cnt_reg[5]/R
                            (rising edge-triggered cell FDRE clocked by sys_clk_pin  {rise@0.000ns fall@5.000ns period=10.000ns})
  Path Group:             sys_clk_pin
  Path Type:              Setup (Max at Slow Process Corner)
  Requirement:            10.000ns  (sys_clk_pin rise@10.000ns - sys_clk_pin rise@0.000ns)
  Data Path Delay:        4.433ns  (logic 0.952ns (21.474%)  route 3.481ns (78.526%))
  Logic Levels:           4  (LUT2=1 LUT4=1 LUT5=1 LUT6=1)
  Clock Path Skew:        -0.028ns (DCD - SCD + CPR)
    Destination Clock Delay (DCD):    4.845ns = ( 14.845 - 10.000 ) 
    Source Clock Delay      (SCD):    5.147ns
    Clock Pessimism Removal (CPR):    0.274ns
  Clock Uncertainty:      0.035ns  ((TSJ^2 + TIJ^2)^1/2 + DJ) / 2 + PE
    Total System Jitter     (TSJ):    0.071ns
    Total Input Jitter      (TIJ):    0.000ns
    Discrete Jitter          (DJ):    0.000ns
    Phase Error              (PE):    0.000ns

    Location             Delay type                Incr(ns)  Path(ns)    Netlist Resource(s)
  -------------------------------------------------------------------    -------------------
                         (clock sys_clk_pin rise edge)
                                                      0.000     0.000 r  
    W5                                                0.000     0.000 r  CLK (IN)
                         net (fo=0)                   0.000     0.000    CLK
    W5                   IBUF (Prop_ibuf_I_O)         1.458     1.458 r  CLK_IBUF_inst/O
                         net (fo=1, routed)           1.967     3.425    CLK_IBUF
    BUFGCTRL_X0Y1        BUFG (Prop_bufg_I_O)         0.096     3.521 r  CLK_IBUF_BUFG_inst/O
                         net (fo=34, routed)          1.626     5.147    sg/my_clk/CLK_IBUF_BUFG
    SLICE_X62Y30         FDRE                                         r  sg/my_clk/div_cnt_reg[23]/C
  -------------------------------------------------------------------    -------------------
    SLICE_X62Y30         FDRE (Prop_fdre_C_Q)         0.456     5.603 f  sg/my_clk/div_cnt_reg[23]/Q
                         net (fo=2, routed)           1.396     6.999    sg/my_clk/div_cnt[23]
    SLICE_X63Y30         LUT4 (Prop_lut4_I0_O)        0.124     7.123 f  sg/my_clk/div_cnt[0]_i_8/O
                         net (fo=1, routed)           0.806     7.929    sg/my_clk/div_cnt[0]_i_8_n_0
    SLICE_X63Y29         LUT5 (Prop_lut5_I4_O)        0.124     8.053 f  sg/my_clk/div_cnt[0]_i_5/O
                         net (fo=1, routed)           0.151     8.204    sg/my_clk/div_cnt[0]_i_5_n_0
    SLICE_X63Y29         LUT6 (Prop_lut6_I5_O)        0.124     8.328 f  sg/my_clk/div_cnt[0]_i_2/O
                         net (fo=3, routed)           0.165     8.493    sg/my_clk/div_cnt[0]_i_2_n_0
    SLICE_X63Y29         LUT2 (Prop_lut2_I0_O)        0.124     8.617 r  sg/my_clk/div_cnt[31]_i_1/O
                         net (fo=31, routed)          0.963     9.580    sg/my_clk/tmp_clk
    SLICE_X62Y26         FDRE                                         r  sg/my_clk/div_cnt_reg[5]/R
  -------------------------------------------------------------------    -------------------

                         (clock sys_clk_pin rise edge)
                                                     10.000    10.000 r  
    W5                                                0.000    10.000 r  CLK (IN)
                         net (fo=0)                   0.000    10.000    CLK
    W5                   IBUF (Prop_ibuf_I_O)         1.388    11.388 r  CLK_IBUF_inst/O
                         net (fo=1, routed)           1.862    13.250    CLK_IBUF
    BUFGCTRL_X0Y1        BUFG (Prop_bufg_I_O)         0.091    13.341 r  CLK_IBUF_BUFG_inst/O
                         net (fo=34, routed)          1.504    14.845    sg/my_clk/CLK_IBUF_BUFG
    SLICE_X62Y26         FDRE                                         r  sg/my_clk/div_cnt_reg[5]/C
                         clock pessimism              0.274    15.119    
                         clock uncertainty           -0.035    15.084    
    SLICE_X62Y26         FDRE (Setup_fdre_C_R)       -0.429    14.655    sg/my_clk/div_cnt_reg[5]
  -------------------------------------------------------------------
                         required time                         14.655    
                         arrival time                          -9.580    
  -------------------------------------------------------------------
                         slack                                  5.074    

Slack (MET) :             5.074ns  (required time - arrival time)
  Source:                 sg/my_clk/div_cnt_reg[23]/C
                            (rising edge-triggered cell FDRE clocked by sys_clk_pin  {rise@0.000ns fall@5.000ns period=10.000ns})
  Destination:            sg/my_clk/div_cnt_reg[6]/R
                            (rising edge-triggered cell FDRE clocked by sys_clk_pin  {rise@0.000ns fall@5.000ns period=10.000ns})
  Path Group:             sys_clk_pin
  Path Type:              Setup (Max at Slow Process Corner)
  Requirement:            10.000ns  (sys_clk_pin rise@10.000ns - sys_clk_pin rise@0.000ns)
  Data Path Delay:        4.433ns  (logic 0.952ns (21.474%)  route 3.481ns (78.526%))
  Logic Levels:           4  (LUT2=1 LUT4=1 LUT5=1 LUT6=1)
  Clock Path Skew:        -0.028ns (DCD - SCD + CPR)
    Destination Clock Delay (DCD):    4.845ns = ( 14.845 - 10.000 ) 
    Source Clock Delay      (SCD):    5.147ns
    Clock Pessimism Removal (CPR):    0.274ns
  Clock Uncertainty:      0.035ns  ((TSJ^2 + TIJ^2)^1/2 + DJ) / 2 + PE
    Total System Jitter     (TSJ):    0.071ns
    Total Input Jitter      (TIJ):    0.000ns
    Discrete Jitter          (DJ):    0.000ns
    Phase Error              (PE):    0.000ns

    Location             Delay type                Incr(ns)  Path(ns)    Netlist Resource(s)
  -------------------------------------------------------------------    -------------------
                         (clock sys_clk_pin rise edge)
                                                      0.000     0.000 r  
    W5                                                0.000     0.000 r  CLK (IN)
                         net (fo=0)                   0.000     0.000    CLK
    W5                   IBUF (Prop_ibuf_I_O)         1.458     1.458 r  CLK_IBUF_inst/O
                         net (fo=1, routed)           1.967     3.425    CLK_IBUF
    BUFGCTRL_X0Y1        BUFG (Prop_bufg_I_O)         0.096     3.521 r  CLK_IBUF_BUFG_inst/O
                         net (fo=34, routed)          1.626     5.147    sg/my_clk/CLK_IBUF_BUFG
    SLICE_X62Y30         FDRE                                         r  sg/my_clk/div_cnt_reg[23]/C
  -------------------------------------------------------------------    -------------------
    SLICE_X62Y30         FDRE (Prop_fdre_C_Q)         0.456     5.603 f  sg/my_clk/div_cnt_reg[23]/Q
                         net (fo=2, routed)           1.396     6.999    sg/my_clk/div_cnt[23]
    SLICE_X63Y30         LUT4 (Prop_lut4_I0_O)        0.124     7.123 f  sg/my_clk/div_cnt[0]_i_8/O
                         net (fo=1, routed)           0.806     7.929    sg/my_clk/div_cnt[0]_i_8_n_0
    SLICE_X63Y29         LUT5 (Prop_lut5_I4_O)        0.124     8.053 f  sg/my_clk/div_cnt[0]_i_5/O
                         net (fo=1, routed)           0.151     8.204    sg/my_clk/div_cnt[0]_i_5_n_0
    SLICE_X63Y29         LUT6 (Prop_lut6_I5_O)        0.124     8.328 f  sg/my_clk/div_cnt[0]_i_2/O
                         net (fo=3, routed)           0.165     8.493    sg/my_clk/div_cnt[0]_i_2_n_0
    SLICE_X63Y29         LUT2 (Prop_lut2_I0_O)        0.124     8.617 r  sg/my_clk/div_cnt[31]_i_1/O
                         net (fo=31, routed)          0.963     9.580    sg/my_clk/tmp_clk
    SLICE_X62Y26         FDRE                                         r  sg/my_clk/div_cnt_reg[6]/R
  -------------------------------------------------------------------    -------------------

                         (clock sys_clk_pin rise edge)
                                                     10.000    10.000 r  
    W5                                                0.000    10.000 r  CLK (IN)
                         net (fo=0)                   0.000    10.000    CLK
    W5                   IBUF (Prop_ibuf_I_O)         1.388    11.388 r  CLK_IBUF_inst/O
                         net (fo=1, routed)           1.862    13.250    CLK_IBUF
    BUFGCTRL_X0Y1        BUFG (Prop_bufg_I_O)         0.091    13.341 r  CLK_IBUF_BUFG_inst/O
                         net (fo=34, routed)          1.504    14.845    sg/my_clk/CLK_IBUF_BUFG
    SLICE_X62Y26         FDRE                                         r  sg/my_clk/div_cnt_reg[6]/C
                         clock pessimism              0.274    15.119    
                         clock uncertainty           -0.035    15.084    
    SLICE_X62Y26         FDRE (Setup_fdre_C_R)       -0.429    14.655    sg/my_clk/div_cnt_reg[6]
  -------------------------------------------------------------------
                         required time                         14.655    
                         arrival time                          -9.580    
  -------------------------------------------------------------------
                         slack                                  5.074    

Slack (MET) :             5.074ns  (required time - arrival time)
  Source:                 sg/my_clk/div_cnt_reg[23]/C
                            (rising edge-triggered cell FDRE clocked by sys_clk_pin  {rise@0.000ns fall@5.000ns period=10.000ns})
  Destination:            sg/my_clk/div_cnt_reg[7]/R
                            (rising edge-triggered cell FDRE clocked by sys_clk_pin  {rise@0.000ns fall@5.000ns period=10.000ns})
  Path Group:             sys_clk_pin
  Path Type:              Setup (Max at Slow Process Corner)
  Requirement:            10.000ns  (sys_clk_pin rise@10.000ns - sys_clk_pin rise@0.000ns)
  Data Path Delay:        4.433ns  (logic 0.952ns (21.474%)  route 3.481ns (78.526%))
  Logic Levels:           4  (LUT2=1 LUT4=1 LUT5=1 LUT6=1)
  Clock Path Skew:        -0.028ns (DCD - SCD + CPR)
    Destination Clock Delay (DCD):    4.845ns = ( 14.845 - 10.000 ) 
    Source Clock Delay      (SCD):    5.147ns
    Clock Pessimism Removal (CPR):    0.274ns
  Clock Uncertainty:      0.035ns  ((TSJ^2 + TIJ^2)^1/2 + DJ) / 2 + PE
    Total System Jitter     (TSJ):    0.071ns
    Total Input Jitter      (TIJ):    0.000ns
    Discrete Jitter          (DJ):    0.000ns
    Phase Error              (PE):    0.000ns

    Location             Delay type                Incr(ns)  Path(ns)    Netlist Resource(s)
  -------------------------------------------------------------------    -------------------
                         (clock sys_clk_pin rise edge)
                                                      0.000     0.000 r  
    W5                                                0.000     0.000 r  CLK (IN)
                         net (fo=0)                   0.000     0.000    CLK
    W5                   IBUF (Prop_ibuf_I_O)         1.458     1.458 r  CLK_IBUF_inst/O
                         net (fo=1, routed)           1.967     3.425    CLK_IBUF
    BUFGCTRL_X0Y1        BUFG (Prop_bufg_I_O)         0.096     3.521 r  CLK_IBUF_BUFG_inst/O
                         net (fo=34, routed)          1.626     5.147    sg/my_clk/CLK_IBUF_BUFG
    SLICE_X62Y30         FDRE                                         r  sg/my_clk/div_cnt_reg[23]/C
  -------------------------------------------------------------------    -------------------
    SLICE_X62Y30         FDRE (Prop_fdre_C_Q)         0.456     5.603 f  sg/my_clk/div_cnt_reg[23]/Q
                         net (fo=2, routed)           1.396     6.999    sg/my_clk/div_cnt[23]
    SLICE_X63Y30         LUT4 (Prop_lut4_I0_O)        0.124     7.123 f  sg/my_clk/div_cnt[0]_i_8/O
                         net (fo=1, routed)           0.806     7.929    sg/my_clk/div_cnt[0]_i_8_n_0
    SLICE_X63Y29         LUT5 (Prop_lut5_I4_O)        0.124     8.053 f  sg/my_clk/div_cnt[0]_i_5/O
                         net (fo=1, routed)           0.151     8.204    sg/my_clk/div_cnt[0]_i_5_n_0
    SLICE_X63Y29         LUT6 (Prop_lut6_I5_O)        0.124     8.328 f  sg/my_clk/div_cnt[0]_i_2/O
                         net (fo=3, routed)           0.165     8.493    sg/my_clk/div_cnt[0]_i_2_n_0
    SLICE_X63Y29         LUT2 (Prop_lut2_I0_O)        0.124     8.617 r  sg/my_clk/div_cnt[31]_i_1/O
                         net (fo=31, routed)          0.963     9.580    sg/my_clk/tmp_clk
    SLICE_X62Y26         FDRE                                         r  sg/my_clk/div_cnt_reg[7]/R
  -------------------------------------------------------------------    -------------------

                         (clock sys_clk_pin rise edge)
                                                     10.000    10.000 r  
    W5                                                0.000    10.000 r  CLK (IN)
                         net (fo=0)                   0.000    10.000    CLK
    W5                   IBUF (Prop_ibuf_I_O)         1.388    11.388 r  CLK_IBUF_inst/O
                         net (fo=1, routed)           1.862    13.250    CLK_IBUF
    BUFGCTRL_X0Y1        BUFG (Prop_bufg_I_O)         0.091    13.341 r  CLK_IBUF_BUFG_inst/O
                         net (fo=34, routed)          1.504    14.845    sg/my_clk/CLK_IBUF_BUFG
    SLICE_X62Y26         FDRE                                         r  sg/my_clk/div_cnt_reg[7]/C
                         clock pessimism              0.274    15.119    
                         clock uncertainty           -0.035    15.084    
    SLICE_X62Y26         FDRE (Setup_fdre_C_R)       -0.429    14.655    sg/my_clk/div_cnt_reg[7]
  -------------------------------------------------------------------
                         required time                         14.655    
                         arrival time                          -9.580    
  -------------------------------------------------------------------
                         slack                                  5.074    





Min Delay Paths
--------------------------------------------------------------------------------------
Slack (MET) :             0.336ns  (arrival time - required time)
  Source:                 sg/my_clk/div_cnt_reg[1]/C
                            (rising edge-triggered cell FDRE clocked by sys_clk_pin  {rise@0.000ns fall@5.000ns period=10.000ns})
  Destination:            sg/my_clk/div_cnt_reg[1]/D
                            (rising edge-triggered cell FDRE clocked by sys_clk_pin  {rise@0.000ns fall@5.000ns period=10.000ns})
  Path Group:             sys_clk_pin
  Path Type:              Hold (Min at Fast Process Corner)
  Requirement:            0.000ns  (sys_clk_pin rise@0.000ns - sys_clk_pin rise@0.000ns)
  Data Path Delay:        0.441ns  (logic 0.256ns (58.077%)  route 0.185ns (41.923%))
  Logic Levels:           1  (CARRY4=1)
  Clock Path Skew:        0.000ns (DCD - SCD - CPR)
    Destination Clock Delay (DCD):    1.977ns
    Source Clock Delay      (SCD):    1.465ns
    Clock Pessimism Removal (CPR):    0.512ns

    Location             Delay type                Incr(ns)  Path(ns)    Netlist Resource(s)
  -------------------------------------------------------------------    -------------------
                         (clock sys_clk_pin rise edge)
                                                      0.000     0.000 r  
    W5                                                0.000     0.000 r  CLK (IN)
                         net (fo=0)                   0.000     0.000    CLK
    W5                   IBUF (Prop_ibuf_I_O)         0.226     0.226 r  CLK_IBUF_inst/O
                         net (fo=1, routed)           0.631     0.858    CLK_IBUF
    BUFGCTRL_X0Y1        BUFG (Prop_bufg_I_O)         0.026     0.884 r  CLK_IBUF_BUFG_inst/O
                         net (fo=34, routed)          0.582     1.465    sg/my_clk/CLK_IBUF_BUFG
    SLICE_X62Y25         FDRE                                         r  sg/my_clk/div_cnt_reg[1]/C
  -------------------------------------------------------------------    -------------------
    SLICE_X62Y25         FDRE (Prop_fdre_C_Q)         0.141     1.606 r  sg/my_clk/div_cnt_reg[1]/Q
                         net (fo=2, routed)           0.185     1.791    sg/my_clk/div_cnt[1]
    SLICE_X62Y25         CARRY4 (Prop_carry4_S[0]_O[0])
                                                      0.115     1.906 r  sg/my_clk/div_cnt0_carry/O[0]
                         net (fo=1, routed)           0.000     1.906    sg/my_clk/div_cnt0_carry_n_7
    SLICE_X62Y25         FDRE                                         r  sg/my_clk/div_cnt_reg[1]/D
  -------------------------------------------------------------------    -------------------

                         (clock sys_clk_pin rise edge)
                                                      0.000     0.000 r  
    W5                                                0.000     0.000 r  CLK (IN)
                         net (fo=0)                   0.000     0.000    CLK
    W5                   IBUF (Prop_ibuf_I_O)         0.414     0.414 r  CLK_IBUF_inst/O
                         net (fo=1, routed)           0.685     1.099    CLK_IBUF
    BUFGCTRL_X0Y1        BUFG (Prop_bufg_I_O)         0.029     1.128 r  CLK_IBUF_BUFG_inst/O
                         net (fo=34, routed)          0.850     1.977    sg/my_clk/CLK_IBUF_BUFG
    SLICE_X62Y25         FDRE                                         r  sg/my_clk/div_cnt_reg[1]/C
                         clock pessimism             -0.512     1.465    
    SLICE_X62Y25         FDRE (Hold_fdre_C_D)         0.105     1.570    sg/my_clk/div_cnt_reg[1]
  -------------------------------------------------------------------
                         required time                         -1.570    
                         arrival time                           1.906    
  -------------------------------------------------------------------
                         slack                                  0.336    

Slack (MET) :             0.338ns  (arrival time - required time)
  Source:                 sg/my_clk/div_cnt_reg[12]/C
                            (rising edge-triggered cell FDRE clocked by sys_clk_pin  {rise@0.000ns fall@5.000ns period=10.000ns})
  Destination:            sg/my_clk/div_cnt_reg[12]/D
                            (rising edge-triggered cell FDRE clocked by sys_clk_pin  {rise@0.000ns fall@5.000ns period=10.000ns})
  Path Group:             sys_clk_pin
  Path Type:              Hold (Min at Fast Process Corner)
  Requirement:            0.000ns  (sys_clk_pin rise@0.000ns - sys_clk_pin rise@0.000ns)
  Data Path Delay:        0.443ns  (logic 0.249ns (56.213%)  route 0.194ns (43.787%))
  Logic Levels:           1  (CARRY4=1)
  Clock Path Skew:        0.000ns (DCD - SCD - CPR)
    Destination Clock Delay (DCD):    1.980ns
    Source Clock Delay      (SCD):    1.468ns
    Clock Pessimism Removal (CPR):    0.512ns

    Location             Delay type                Incr(ns)  Path(ns)    Netlist Resource(s)
  -------------------------------------------------------------------    -------------------
                         (clock sys_clk_pin rise edge)
                                                      0.000     0.000 r  
    W5                                                0.000     0.000 r  CLK (IN)
                         net (fo=0)                   0.000     0.000    CLK
    W5                   IBUF (Prop_ibuf_I_O)         0.226     0.226 r  CLK_IBUF_inst/O
                         net (fo=1, routed)           0.631     0.858    CLK_IBUF
    BUFGCTRL_X0Y1        BUFG (Prop_bufg_I_O)         0.026     0.884 r  CLK_IBUF_BUFG_inst/O
                         net (fo=34, routed)          0.585     1.468    sg/my_clk/CLK_IBUF_BUFG
    SLICE_X62Y27         FDRE                                         r  sg/my_clk/div_cnt_reg[12]/C
  -------------------------------------------------------------------    -------------------
    SLICE_X62Y27         FDRE (Prop_fdre_C_Q)         0.141     1.609 r  sg/my_clk/div_cnt_reg[12]/Q
                         net (fo=2, routed)           0.194     1.803    sg/my_clk/div_cnt[12]
    SLICE_X62Y27         CARRY4 (Prop_carry4_S[3]_O[3])
                                                      0.108     1.911 r  sg/my_clk/div_cnt0_carry__1/O[3]
                         net (fo=1, routed)           0.000     1.911    sg/my_clk/div_cnt0_carry__1_n_4
    SLICE_X62Y27         FDRE                                         r  sg/my_clk/div_cnt_reg[12]/D
  -------------------------------------------------------------------    -------------------

                         (clock sys_clk_pin rise edge)
                                                      0.000     0.000 r  
    W5                                                0.000     0.000 r  CLK (IN)
                         net (fo=0)                   0.000     0.000    CLK
    W5                   IBUF (Prop_ibuf_I_O)         0.414     0.414 r  CLK_IBUF_inst/O
                         net (fo=1, routed)           0.685     1.099    CLK_IBUF
    BUFGCTRL_X0Y1        BUFG (Prop_bufg_I_O)         0.029     1.128 r  CLK_IBUF_BUFG_inst/O
                         net (fo=34, routed)          0.853     1.980    sg/my_clk/CLK_IBUF_BUFG
    SLICE_X62Y27         FDRE                                         r  sg/my_clk/div_cnt_reg[12]/C
                         clock pessimism             -0.512     1.468    
    SLICE_X62Y27         FDRE (Hold_fdre_C_D)         0.105     1.573    sg/my_clk/div_cnt_reg[12]
  -------------------------------------------------------------------
                         required time                         -1.573    
                         arrival time                           1.911    
  -------------------------------------------------------------------
                         slack                                  0.338    

Slack (MET) :             0.338ns  (arrival time - required time)
  Source:                 sg/my_clk/div_cnt_reg[16]/C
                            (rising edge-triggered cell FDRE clocked by sys_clk_pin  {rise@0.000ns fall@5.000ns period=10.000ns})
  Destination:            sg/my_clk/div_cnt_reg[16]/D
                            (rising edge-triggered cell FDRE clocked by sys_clk_pin  {rise@0.000ns fall@5.000ns period=10.000ns})
  Path Group:             sys_clk_pin
  Path Type:              Hold (Min at Fast Process Corner)
  Requirement:            0.000ns  (sys_clk_pin rise@0.000ns - sys_clk_pin rise@0.000ns)
  Data Path Delay:        0.443ns  (logic 0.249ns (56.213%)  route 0.194ns (43.787%))
  Logic Levels:           1  (CARRY4=1)
  Clock Path Skew:        0.000ns (DCD - SCD - CPR)
    Destination Clock Delay (DCD):    1.981ns
    Source Clock Delay      (SCD):    1.468ns
    Clock Pessimism Removal (CPR):    0.513ns

    Location             Delay type                Incr(ns)  Path(ns)    Netlist Resource(s)
  -------------------------------------------------------------------    -------------------
                         (clock sys_clk_pin rise edge)
                                                      0.000     0.000 r  
    W5                                                0.000     0.000 r  CLK (IN)
                         net (fo=0)                   0.000     0.000    CLK
    W5                   IBUF (Prop_ibuf_I_O)         0.226     0.226 r  CLK_IBUF_inst/O
                         net (fo=1, routed)           0.631     0.858    CLK_IBUF
    BUFGCTRL_X0Y1        BUFG (Prop_bufg_I_O)         0.026     0.884 r  CLK_IBUF_BUFG_inst/O
                         net (fo=34, routed)          0.585     1.468    sg/my_clk/CLK_IBUF_BUFG
    SLICE_X62Y28         FDRE                                         r  sg/my_clk/div_cnt_reg[16]/C
  -------------------------------------------------------------------    -------------------
    SLICE_X62Y28         FDRE (Prop_fdre_C_Q)         0.141     1.609 r  sg/my_clk/div_cnt_reg[16]/Q
                         net (fo=2, routed)           0.194     1.803    sg/my_clk/div_cnt[16]
    SLICE_X62Y28         CARRY4 (Prop_carry4_S[3]_O[3])
                                                      0.108     1.911 r  sg/my_clk/div_cnt0_carry__2/O[3]
                         net (fo=1, routed)           0.000     1.911    sg/my_clk/div_cnt0_carry__2_n_4
    SLICE_X62Y28         FDRE                                         r  sg/my_clk/div_cnt_reg[16]/D
  -------------------------------------------------------------------    -------------------

                         (clock sys_clk_pin rise edge)
                                                      0.000     0.000 r  
    W5                                                0.000     0.000 r  CLK (IN)
                         net (fo=0)                   0.000     0.000    CLK
    W5                   IBUF (Prop_ibuf_I_O)         0.414     0.414 r  CLK_IBUF_inst/O
                         net (fo=1, routed)           0.685     1.099    CLK_IBUF
    BUFGCTRL_X0Y1        BUFG (Prop_bufg_I_O)         0.029     1.128 r  CLK_IBUF_BUFG_inst/O
                         net (fo=34, routed)          0.854     1.981    sg/my_clk/CLK_IBUF_BUFG
    SLICE_X62Y28         FDRE                                         r  sg/my_clk/div_cnt_reg[16]/C
                         clock pessimism             -0.513     1.468    
    SLICE_X62Y28         FDRE (Hold_fdre_C_D)         0.105     1.573    sg/my_clk/div_cnt_reg[16]
  -------------------------------------------------------------------
                         required time                         -1.573    
                         arrival time                           1.911    
  -------------------------------------------------------------------
                         slack                                  0.338    

Slack (MET) :             0.338ns  (arrival time - required time)
  Source:                 sg/my_clk/div_cnt_reg[24]/C
                            (rising edge-triggered cell FDRE clocked by sys_clk_pin  {rise@0.000ns fall@5.000ns period=10.000ns})
  Destination:            sg/my_clk/div_cnt_reg[24]/D
                            (rising edge-triggered cell FDRE clocked by sys_clk_pin  {rise@0.000ns fall@5.000ns period=10.000ns})
  Path Group:             sys_clk_pin
  Path Type:              Hold (Min at Fast Process Corner)
  Requirement:            0.000ns  (sys_clk_pin rise@0.000ns - sys_clk_pin rise@0.000ns)
  Data Path Delay:        0.443ns  (logic 0.249ns (56.213%)  route 0.194ns (43.787%))
  Logic Levels:           1  (CARRY4=1)
  Clock Path Skew:        0.000ns (DCD - SCD - CPR)
    Destination Clock Delay (DCD):    1.983ns
    Source Clock Delay      (SCD):    1.470ns
    Clock Pessimism Removal (CPR):    0.513ns

    Location             Delay type                Incr(ns)  Path(ns)    Netlist Resource(s)
  -------------------------------------------------------------------    -------------------
                         (clock sys_clk_pin rise edge)
                                                      0.000     0.000 r  
    W5                                                0.000     0.000 r  CLK (IN)
                         net (fo=0)                   0.000     0.000    CLK
    W5                   IBUF (Prop_ibuf_I_O)         0.226     0.226 r  CLK_IBUF_inst/O
                         net (fo=1, routed)           0.631     0.858    CLK_IBUF
    BUFGCTRL_X0Y1        BUFG (Prop_bufg_I_O)         0.026     0.884 r  CLK_IBUF_BUFG_inst/O
                         net (fo=34, routed)          0.587     1.470    sg/my_clk/CLK_IBUF_BUFG
    SLICE_X62Y30         FDRE                                         r  sg/my_clk/div_cnt_reg[24]/C
  -------------------------------------------------------------------    -------------------
    SLICE_X62Y30         FDRE (Prop_fdre_C_Q)         0.141     1.611 r  sg/my_clk/div_cnt_reg[24]/Q
                         net (fo=2, routed)           0.194     1.805    sg/my_clk/div_cnt[24]
    SLICE_X62Y30         CARRY4 (Prop_carry4_S[3]_O[3])
                                                      0.108     1.913 r  sg/my_clk/div_cnt0_carry__4/O[3]
                         net (fo=1, routed)           0.000     1.913    sg/my_clk/div_cnt0_carry__4_n_4
    SLICE_X62Y30         FDRE                                         r  sg/my_clk/div_cnt_reg[24]/D
  -------------------------------------------------------------------    -------------------

                         (clock sys_clk_pin rise edge)
                                                      0.000     0.000 r  
    W5                                                0.000     0.000 r  CLK (IN)
                         net (fo=0)                   0.000     0.000    CLK
    W5                   IBUF (Prop_ibuf_I_O)         0.414     0.414 r  CLK_IBUF_inst/O
                         net (fo=1, routed)           0.685     1.099    CLK_IBUF
    BUFGCTRL_X0Y1        BUFG (Prop_bufg_I_O)         0.029     1.128 r  CLK_IBUF_BUFG_inst/O
                         net (fo=34, routed)          0.856     1.983    sg/my_clk/CLK_IBUF_BUFG
    SLICE_X62Y30         FDRE                                         r  sg/my_clk/div_cnt_reg[24]/C
                         clock pessimism             -0.513     1.470    
    SLICE_X62Y30         FDRE (Hold_fdre_C_D)         0.105     1.575    sg/my_clk/div_cnt_reg[24]
  -------------------------------------------------------------------
                         required time                         -1.575    
                         arrival time                           1.913    
  -------------------------------------------------------------------
                         slack                                  0.338    

Slack (MET) :             0.338ns  (arrival time - required time)
  Source:                 sg/my_clk/div_cnt_reg[28]/C
                            (rising edge-triggered cell FDRE clocked by sys_clk_pin  {rise@0.000ns fall@5.000ns period=10.000ns})
  Destination:            sg/my_clk/div_cnt_reg[28]/D
                            (rising edge-triggered cell FDRE clocked by sys_clk_pin  {rise@0.000ns fall@5.000ns period=10.000ns})
  Path Group:             sys_clk_pin
  Path Type:              Hold (Min at Fast Process Corner)
  Requirement:            0.000ns  (sys_clk_pin rise@0.000ns - sys_clk_pin rise@0.000ns)
  Data Path Delay:        0.443ns  (logic 0.249ns (56.213%)  route 0.194ns (43.787%))
  Logic Levels:           1  (CARRY4=1)
  Clock Path Skew:        0.000ns (DCD - SCD - CPR)
    Destination Clock Delay (DCD):    1.984ns
    Source Clock Delay      (SCD):    1.471ns
    Clock Pessimism Removal (CPR):    0.513ns

    Location             Delay type                Incr(ns)  Path(ns)    Netlist Resource(s)
  -------------------------------------------------------------------    -------------------
                         (clock sys_clk_pin rise edge)
                                                      0.000     0.000 r  
    W5                                                0.000     0.000 r  CLK (IN)
                         net (fo=0)                   0.000     0.000    CLK
    W5                   IBUF (Prop_ibuf_I_O)         0.226     0.226 r  CLK_IBUF_inst/O
                         net (fo=1, routed)           0.631     0.858    CLK_IBUF
    BUFGCTRL_X0Y1        BUFG (Prop_bufg_I_O)         0.026     0.884 r  CLK_IBUF_BUFG_inst/O
                         net (fo=34, routed)          0.588     1.471    sg/my_clk/CLK_IBUF_BUFG
    SLICE_X62Y31         FDRE                                         r  sg/my_clk/div_cnt_reg[28]/C
  -------------------------------------------------------------------    -------------------
    SLICE_X62Y31         FDRE (Prop_fdre_C_Q)         0.141     1.612 r  sg/my_clk/div_cnt_reg[28]/Q
                         net (fo=2, routed)           0.194     1.806    sg/my_clk/div_cnt[28]
    SLICE_X62Y31         CARRY4 (Prop_carry4_S[3]_O[3])
                                                      0.108     1.914 r  sg/my_clk/div_cnt0_carry__5/O[3]
                         net (fo=1, routed)           0.000     1.914    sg/my_clk/div_cnt0_carry__5_n_4
    SLICE_X62Y31         FDRE                                         r  sg/my_clk/div_cnt_reg[28]/D
  -------------------------------------------------------------------    -------------------

                         (clock sys_clk_pin rise edge)
                                                      0.000     0.000 r  
    W5                                                0.000     0.000 r  CLK (IN)
                         net (fo=0)                   0.000     0.000    CLK
    W5                   IBUF (Prop_ibuf_I_O)         0.414     0.414 r  CLK_IBUF_inst/O
                         net (fo=1, routed)           0.685     1.099    CLK_IBUF
    BUFGCTRL_X0Y1        BUFG (Prop_bufg_I_O)         0.029     1.128 r  CLK_IBUF_BUFG_inst/O
                         net (fo=34, routed)          0.857     1.984    sg/my_clk/CLK_IBUF_BUFG
    SLICE_X62Y31         FDRE                                         r  sg/my_clk/div_cnt_reg[28]/C
                         clock pessimism             -0.513     1.471    
    SLICE_X62Y31         FDRE (Hold_fdre_C_D)         0.105     1.576    sg/my_clk/div_cnt_reg[28]
  -------------------------------------------------------------------
                         required time                         -1.576    
                         arrival time                           1.914    
  -------------------------------------------------------------------
                         slack                                  0.338    

Slack (MET) :             0.339ns  (arrival time - required time)
  Source:                 sg/my_clk/div_cnt_reg[4]/C
                            (rising edge-triggered cell FDRE clocked by sys_clk_pin  {rise@0.000ns fall@5.000ns period=10.000ns})
  Destination:            sg/my_clk/div_cnt_reg[4]/D
                            (rising edge-triggered cell FDRE clocked by sys_clk_pin  {rise@0.000ns fall@5.000ns period=10.000ns})
  Path Group:             sys_clk_pin
  Path Type:              Hold (Min at Fast Process Corner)
  Requirement:            0.000ns  (sys_clk_pin rise@0.000ns - sys_clk_pin rise@0.000ns)
  Data Path Delay:        0.444ns  (logic 0.249ns (56.082%)  route 0.195ns (43.918%))
  Logic Levels:           1  (CARRY4=1)
  Clock Path Skew:        0.000ns (DCD - SCD - CPR)
    Destination Clock Delay (DCD):    1.977ns
    Source Clock Delay      (SCD):    1.465ns
    Clock Pessimism Removal (CPR):    0.512ns

    Location             Delay type                Incr(ns)  Path(ns)    Netlist Resource(s)
  -------------------------------------------------------------------    -------------------
                         (clock sys_clk_pin rise edge)
                                                      0.000     0.000 r  
    W5                                                0.000     0.000 r  CLK (IN)
                         net (fo=0)                   0.000     0.000    CLK
    W5                   IBUF (Prop_ibuf_I_O)         0.226     0.226 r  CLK_IBUF_inst/O
                         net (fo=1, routed)           0.631     0.858    CLK_IBUF
    BUFGCTRL_X0Y1        BUFG (Prop_bufg_I_O)         0.026     0.884 r  CLK_IBUF_BUFG_inst/O
                         net (fo=34, routed)          0.582     1.465    sg/my_clk/CLK_IBUF_BUFG
    SLICE_X62Y25         FDRE                                         r  sg/my_clk/div_cnt_reg[4]/C
  -------------------------------------------------------------------    -------------------
    SLICE_X62Y25         FDRE (Prop_fdre_C_Q)         0.141     1.606 r  sg/my_clk/div_cnt_reg[4]/Q
                         net (fo=2, routed)           0.195     1.801    sg/my_clk/div_cnt[4]
    SLICE_X62Y25         CARRY4 (Prop_carry4_S[3]_O[3])
                                                      0.108     1.909 r  sg/my_clk/div_cnt0_carry/O[3]
                         net (fo=1, routed)           0.000     1.909    sg/my_clk/div_cnt0_carry_n_4
    SLICE_X62Y25         FDRE                                         r  sg/my_clk/div_cnt_reg[4]/D
  -------------------------------------------------------------------    -------------------

                         (clock sys_clk_pin rise edge)
                                                      0.000     0.000 r  
    W5                                                0.000     0.000 r  CLK (IN)
                         net (fo=0)                   0.000     0.000    CLK
    W5                   IBUF (Prop_ibuf_I_O)         0.414     0.414 r  CLK_IBUF_inst/O
                         net (fo=1, routed)           0.685     1.099    CLK_IBUF
    BUFGCTRL_X0Y1        BUFG (Prop_bufg_I_O)         0.029     1.128 r  CLK_IBUF_BUFG_inst/O
                         net (fo=34, routed)          0.850     1.977    sg/my_clk/CLK_IBUF_BUFG
    SLICE_X62Y25         FDRE                                         r  sg/my_clk/div_cnt_reg[4]/C
                         clock pessimism             -0.512     1.465    
    SLICE_X62Y25         FDRE (Hold_fdre_C_D)         0.105     1.570    sg/my_clk/div_cnt_reg[4]
  -------------------------------------------------------------------
                         required time                         -1.570    
                         arrival time                           1.909    
  -------------------------------------------------------------------
                         slack                                  0.339    

Slack (MET) :             0.340ns  (arrival time - required time)
  Source:                 sg/my_clk/div_cnt_reg[29]/C
                            (rising edge-triggered cell FDRE clocked by sys_clk_pin  {rise@0.000ns fall@5.000ns period=10.000ns})
  Destination:            sg/my_clk/div_cnt_reg[29]/D
                            (rising edge-triggered cell FDRE clocked by sys_clk_pin  {rise@0.000ns fall@5.000ns period=10.000ns})
  Path Group:             sys_clk_pin
  Path Type:              Hold (Min at Fast Process Corner)
  Requirement:            0.000ns  (sys_clk_pin rise@0.000ns - sys_clk_pin rise@0.000ns)
  Data Path Delay:        0.445ns  (logic 0.256ns (57.583%)  route 0.189ns (42.417%))
  Logic Levels:           1  (CARRY4=1)
  Clock Path Skew:        0.000ns (DCD - SCD - CPR)
    Destination Clock Delay (DCD):    1.985ns
    Source Clock Delay      (SCD):    1.472ns
    Clock Pessimism Removal (CPR):    0.513ns

    Location             Delay type                Incr(ns)  Path(ns)    Netlist Resource(s)
  -------------------------------------------------------------------    -------------------
                         (clock sys_clk_pin rise edge)
                                                      0.000     0.000 r  
    W5                                                0.000     0.000 r  CLK (IN)
                         net (fo=0)                   0.000     0.000    CLK
    W5                   IBUF (Prop_ibuf_I_O)         0.226     0.226 r  CLK_IBUF_inst/O
                         net (fo=1, routed)           0.631     0.858    CLK_IBUF
    BUFGCTRL_X0Y1        BUFG (Prop_bufg_I_O)         0.026     0.884 r  CLK_IBUF_BUFG_inst/O
                         net (fo=34, routed)          0.589     1.472    sg/my_clk/CLK_IBUF_BUFG
    SLICE_X62Y32         FDRE                                         r  sg/my_clk/div_cnt_reg[29]/C
  -------------------------------------------------------------------    -------------------
    SLICE_X62Y32         FDRE (Prop_fdre_C_Q)         0.141     1.613 r  sg/my_clk/div_cnt_reg[29]/Q
                         net (fo=2, routed)           0.189     1.802    sg/my_clk/div_cnt[29]
    SLICE_X62Y32         CARRY4 (Prop_carry4_S[0]_O[0])
                                                      0.115     1.917 r  sg/my_clk/div_cnt0_carry__6/O[0]
                         net (fo=1, routed)           0.000     1.917    sg/my_clk/div_cnt0_carry__6_n_7
    SLICE_X62Y32         FDRE                                         r  sg/my_clk/div_cnt_reg[29]/D
  -------------------------------------------------------------------    -------------------

                         (clock sys_clk_pin rise edge)
                                                      0.000     0.000 r  
    W5                                                0.000     0.000 r  CLK (IN)
                         net (fo=0)                   0.000     0.000    CLK
    W5                   IBUF (Prop_ibuf_I_O)         0.414     0.414 r  CLK_IBUF_inst/O
                         net (fo=1, routed)           0.685     1.099    CLK_IBUF
    BUFGCTRL_X0Y1        BUFG (Prop_bufg_I_O)         0.029     1.128 r  CLK_IBUF_BUFG_inst/O
                         net (fo=34, routed)          0.858     1.985    sg/my_clk/CLK_IBUF_BUFG
    SLICE_X62Y32         FDRE                                         r  sg/my_clk/div_cnt_reg[29]/C
                         clock pessimism             -0.513     1.472    
    SLICE_X62Y32         FDRE (Hold_fdre_C_D)         0.105     1.577    sg/my_clk/div_cnt_reg[29]
  -------------------------------------------------------------------
                         required time                         -1.577    
                         arrival time                           1.917    
  -------------------------------------------------------------------
                         slack                                  0.340    

Slack (MET) :             0.372ns  (arrival time - required time)
  Source:                 sg/my_clk/div_cnt_reg[1]/C
                            (rising edge-triggered cell FDRE clocked by sys_clk_pin  {rise@0.000ns fall@5.000ns period=10.000ns})
  Destination:            sg/my_clk/div_cnt_reg[2]/D
                            (rising edge-triggered cell FDRE clocked by sys_clk_pin  {rise@0.000ns fall@5.000ns period=10.000ns})
  Path Group:             sys_clk_pin
  Path Type:              Hold (Min at Fast Process Corner)
  Requirement:            0.000ns  (sys_clk_pin rise@0.000ns - sys_clk_pin rise@0.000ns)
  Data Path Delay:        0.477ns  (logic 0.292ns (61.242%)  route 0.185ns (38.758%))
  Logic Levels:           1  (CARRY4=1)
  Clock Path Skew:        0.000ns (DCD - SCD - CPR)
    Destination Clock Delay (DCD):    1.977ns
    Source Clock Delay      (SCD):    1.465ns
    Clock Pessimism Removal (CPR):    0.512ns

    Location             Delay type                Incr(ns)  Path(ns)    Netlist Resource(s)
  -------------------------------------------------------------------    -------------------
                         (clock sys_clk_pin rise edge)
                                                      0.000     0.000 r  
    W5                                                0.000     0.000 r  CLK (IN)
                         net (fo=0)                   0.000     0.000    CLK
    W5                   IBUF (Prop_ibuf_I_O)         0.226     0.226 r  CLK_IBUF_inst/O
                         net (fo=1, routed)           0.631     0.858    CLK_IBUF
    BUFGCTRL_X0Y1        BUFG (Prop_bufg_I_O)         0.026     0.884 r  CLK_IBUF_BUFG_inst/O
                         net (fo=34, routed)          0.582     1.465    sg/my_clk/CLK_IBUF_BUFG
    SLICE_X62Y25         FDRE                                         r  sg/my_clk/div_cnt_reg[1]/C
  -------------------------------------------------------------------    -------------------
    SLICE_X62Y25         FDRE (Prop_fdre_C_Q)         0.141     1.606 r  sg/my_clk/div_cnt_reg[1]/Q
                         net (fo=2, routed)           0.185     1.791    sg/my_clk/div_cnt[1]
    SLICE_X62Y25         CARRY4 (Prop_carry4_S[0]_O[1])
                                                      0.151     1.942 r  sg/my_clk/div_cnt0_carry/O[1]
                         net (fo=1, routed)           0.000     1.942    sg/my_clk/div_cnt0_carry_n_6
    SLICE_X62Y25         FDRE                                         r  sg/my_clk/div_cnt_reg[2]/D
  -------------------------------------------------------------------    -------------------

                         (clock sys_clk_pin rise edge)
                                                      0.000     0.000 r  
    W5                                                0.000     0.000 r  CLK (IN)
                         net (fo=0)                   0.000     0.000    CLK
    W5                   IBUF (Prop_ibuf_I_O)         0.414     0.414 r  CLK_IBUF_inst/O
                         net (fo=1, routed)           0.685     1.099    CLK_IBUF
    BUFGCTRL_X0Y1        BUFG (Prop_bufg_I_O)         0.029     1.128 r  CLK_IBUF_BUFG_inst/O
                         net (fo=34, routed)          0.850     1.977    sg/my_clk/CLK_IBUF_BUFG
    SLICE_X62Y25         FDRE                                         r  sg/my_clk/div_cnt_reg[2]/C
                         clock pessimism             -0.512     1.465    
    SLICE_X62Y25         FDRE (Hold_fdre_C_D)         0.105     1.570    sg/my_clk/div_cnt_reg[2]
  -------------------------------------------------------------------
                         required time                         -1.570    
                         arrival time                           1.942    
  -------------------------------------------------------------------
                         slack                                  0.372    

Slack (MET) :             0.376ns  (arrival time - required time)
  Source:                 sg/my_clk/div_cnt_reg[29]/C
                            (rising edge-triggered cell FDRE clocked by sys_clk_pin  {rise@0.000ns fall@5.000ns period=10.000ns})
  Destination:            sg/my_clk/div_cnt_reg[30]/D
                            (rising edge-triggered cell FDRE clocked by sys_clk_pin  {rise@0.000ns fall@5.000ns period=10.000ns})
  Path Group:             sys_clk_pin
  Path Type:              Hold (Min at Fast Process Corner)
  Requirement:            0.000ns  (sys_clk_pin rise@0.000ns - sys_clk_pin rise@0.000ns)
  Data Path Delay:        0.481ns  (logic 0.292ns (60.760%)  route 0.189ns (39.240%))
  Logic Levels:           1  (CARRY4=1)
  Clock Path Skew:        0.000ns (DCD - SCD - CPR)
    Destination Clock Delay (DCD):    1.985ns
    Source Clock Delay      (SCD):    1.472ns
    Clock Pessimism Removal (CPR):    0.513ns

    Location             Delay type                Incr(ns)  Path(ns)    Netlist Resource(s)
  -------------------------------------------------------------------    -------------------
                         (clock sys_clk_pin rise edge)
                                                      0.000     0.000 r  
    W5                                                0.000     0.000 r  CLK (IN)
                         net (fo=0)                   0.000     0.000    CLK
    W5                   IBUF (Prop_ibuf_I_O)         0.226     0.226 r  CLK_IBUF_inst/O
                         net (fo=1, routed)           0.631     0.858    CLK_IBUF
    BUFGCTRL_X0Y1        BUFG (Prop_bufg_I_O)         0.026     0.884 r  CLK_IBUF_BUFG_inst/O
                         net (fo=34, routed)          0.589     1.472    sg/my_clk/CLK_IBUF_BUFG
    SLICE_X62Y32         FDRE                                         r  sg/my_clk/div_cnt_reg[29]/C
  -------------------------------------------------------------------    -------------------
    SLICE_X62Y32         FDRE (Prop_fdre_C_Q)         0.141     1.613 r  sg/my_clk/div_cnt_reg[29]/Q
                         net (fo=2, routed)           0.189     1.802    sg/my_clk/div_cnt[29]
    SLICE_X62Y32         CARRY4 (Prop_carry4_S[0]_O[1])
                                                      0.151     1.953 r  sg/my_clk/div_cnt0_carry__6/O[1]
                         net (fo=1, routed)           0.000     1.953    sg/my_clk/div_cnt0_carry__6_n_6
    SLICE_X62Y32         FDRE                                         r  sg/my_clk/div_cnt_reg[30]/D
  -------------------------------------------------------------------    -------------------

                         (clock sys_clk_pin rise edge)
                                                      0.000     0.000 r  
    W5                                                0.000     0.000 r  CLK (IN)
                         net (fo=0)                   0.000     0.000    CLK
    W5                   IBUF (Prop_ibuf_I_O)         0.414     0.414 r  CLK_IBUF_inst/O
                         net (fo=1, routed)           0.685     1.099    CLK_IBUF
    BUFGCTRL_X0Y1        BUFG (Prop_bufg_I_O)         0.029     1.128 r  CLK_IBUF_BUFG_inst/O
                         net (fo=34, routed)          0.858     1.985    sg/my_clk/CLK_IBUF_BUFG
    SLICE_X62Y32         FDRE                                         r  sg/my_clk/div_cnt_reg[30]/C
                         clock pessimism             -0.513     1.472    
    SLICE_X62Y32         FDRE (Hold_fdre_C_D)         0.105     1.577    sg/my_clk/div_cnt_reg[30]
  -------------------------------------------------------------------
                         required time                         -1.577    
                         arrival time                           1.953    
  -------------------------------------------------------------------
                         slack                                  0.376    

Slack (MET) :             0.394ns  (arrival time - required time)
  Source:                 sg/my_clk/div_cnt_reg[8]/C
                            (rising edge-triggered cell FDRE clocked by sys_clk_pin  {rise@0.000ns fall@5.000ns period=10.000ns})
  Destination:            sg/my_clk/div_cnt_reg[8]/D
                            (rising edge-triggered cell FDRE clocked by sys_clk_pin  {rise@0.000ns fall@5.000ns period=10.000ns})
  Path Group:             sys_clk_pin
  Path Type:              Hold (Min at Fast Process Corner)
  Requirement:            0.000ns  (sys_clk_pin rise@0.000ns - sys_clk_pin rise@0.000ns)
  Data Path Delay:        0.499ns  (logic 0.249ns (49.854%)  route 0.250ns (50.147%))
  Logic Levels:           1  (CARRY4=1)
  Clock Path Skew:        0.000ns (DCD - SCD - CPR)
    Destination Clock Delay (DCD):    1.978ns
    Source Clock Delay      (SCD):    1.466ns
    Clock Pessimism Removal (CPR):    0.512ns

    Location             Delay type                Incr(ns)  Path(ns)    Netlist Resource(s)
  -------------------------------------------------------------------    -------------------
                         (clock sys_clk_pin rise edge)
                                                      0.000     0.000 r  
    W5                                                0.000     0.000 r  CLK (IN)
                         net (fo=0)                   0.000     0.000    CLK
    W5                   IBUF (Prop_ibuf_I_O)         0.226     0.226 r  CLK_IBUF_inst/O
                         net (fo=1, routed)           0.631     0.858    CLK_IBUF
    BUFGCTRL_X0Y1        BUFG (Prop_bufg_I_O)         0.026     0.884 r  CLK_IBUF_BUFG_inst/O
                         net (fo=34, routed)          0.583     1.466    sg/my_clk/CLK_IBUF_BUFG
    SLICE_X62Y26         FDRE                                         r  sg/my_clk/div_cnt_reg[8]/C
  -------------------------------------------------------------------    -------------------
    SLICE_X62Y26         FDRE (Prop_fdre_C_Q)         0.141     1.607 r  sg/my_clk/div_cnt_reg[8]/Q
                         net (fo=2, routed)           0.250     1.858    sg/my_clk/div_cnt[8]
    SLICE_X62Y26         CARRY4 (Prop_carry4_S[3]_O[3])
                                                      0.108     1.966 r  sg/my_clk/div_cnt0_carry__0/O[3]
                         net (fo=1, routed)           0.000     1.966    sg/my_clk/div_cnt0_carry__0_n_4
    SLICE_X62Y26         FDRE                                         r  sg/my_clk/div_cnt_reg[8]/D
  -------------------------------------------------------------------    -------------------

                         (clock sys_clk_pin rise edge)
                                                      0.000     0.000 r  
    W5                                                0.000     0.000 r  CLK (IN)
                         net (fo=0)                   0.000     0.000    CLK
    W5                   IBUF (Prop_ibuf_I_O)         0.414     0.414 r  CLK_IBUF_inst/O
                         net (fo=1, routed)           0.685     1.099    CLK_IBUF
    BUFGCTRL_X0Y1        BUFG (Prop_bufg_I_O)         0.029     1.128 r  CLK_IBUF_BUFG_inst/O
                         net (fo=34, routed)          0.851     1.978    sg/my_clk/CLK_IBUF_BUFG
    SLICE_X62Y26         FDRE                                         r  sg/my_clk/div_cnt_reg[8]/C
                         clock pessimism             -0.512     1.466    
    SLICE_X62Y26         FDRE (Hold_fdre_C_D)         0.105     1.571    sg/my_clk/div_cnt_reg[8]
  -------------------------------------------------------------------
                         required time                         -1.571    
                         arrival time                           1.966    
  -------------------------------------------------------------------
                         slack                                  0.394    





Pulse Width Checks
--------------------------------------------------------------------------------------
Clock Name:         sys_clk_pin
Waveform(ns):       { 0.000 5.000 }
Period(ns):         10.000
Sources:            { CLK }

Check Type        Corner  Lib Pin  Reference Pin  Required(ns)  Actual(ns)  Slack(ns)  Location       Pin
Min Period        n/a     BUFG/I   n/a            2.155         10.000      7.845      BUFGCTRL_X0Y1  CLK_IBUF_BUFG_inst/I
Min Period        n/a     FDRE/C   n/a            1.000         10.000      9.000      SLICE_X36Y46   div/div_clk_reg/C
Min Period        n/a     FDRE/C   n/a            1.000         10.000      9.000      SLICE_X63Y29   sg/my_clk/div_cnt_reg[0]/C
Min Period        n/a     FDRE/C   n/a            1.000         10.000      9.000      SLICE_X62Y27   sg/my_clk/div_cnt_reg[10]/C
Min Period        n/a     FDRE/C   n/a            1.000         10.000      9.000      SLICE_X62Y27   sg/my_clk/div_cnt_reg[11]/C
Min Period        n/a     FDRE/C   n/a            1.000         10.000      9.000      SLICE_X62Y27   sg/my_clk/div_cnt_reg[12]/C
Min Period        n/a     FDRE/C   n/a            1.000         10.000      9.000      SLICE_X62Y28   sg/my_clk/div_cnt_reg[13]/C
Min Period        n/a     FDRE/C   n/a            1.000         10.000      9.000      SLICE_X62Y28   sg/my_clk/div_cnt_reg[14]/C
Min Period        n/a     FDRE/C   n/a            1.000         10.000      9.000      SLICE_X62Y28   sg/my_clk/div_cnt_reg[15]/C
Min Period        n/a     FDRE/C   n/a            1.000         10.000      9.000      SLICE_X62Y28   sg/my_clk/div_cnt_reg[16]/C
Low Pulse Width   Slow    FDRE/C   n/a            0.500         5.000       4.500      SLICE_X36Y46   div/div_clk_reg/C
Low Pulse Width   Fast    FDRE/C   n/a            0.500         5.000       4.500      SLICE_X36Y46   div/div_clk_reg/C
Low Pulse Width   Slow    FDRE/C   n/a            0.500         5.000       4.500      SLICE_X63Y29   sg/my_clk/div_cnt_reg[0]/C
Low Pulse Width   Fast    FDRE/C   n/a            0.500         5.000       4.500      SLICE_X62Y27   sg/my_clk/div_cnt_reg[10]/C
Low Pulse Width   Fast    FDRE/C   n/a            0.500         5.000       4.500      SLICE_X62Y27   sg/my_clk/div_cnt_reg[11]/C
Low Pulse Width   Fast    FDRE/C   n/a            0.500         5.000       4.500      SLICE_X62Y27   sg/my_clk/div_cnt_reg[12]/C
Low Pulse Width   Slow    FDRE/C   n/a            0.500         5.000       4.500      SLICE_X62Y28   sg/my_clk/div_cnt_reg[13]/C
Low Pulse Width   Fast    FDRE/C   n/a            0.500         5.000       4.500      SLICE_X62Y28   sg/my_clk/div_cnt_reg[13]/C
Low Pulse Width   Slow    FDRE/C   n/a            0.500         5.000       4.500      SLICE_X62Y28   sg/my_clk/div_cnt_reg[14]/C
Low Pulse Width   Fast    FDRE/C   n/a            0.500         5.000       4.500      SLICE_X62Y28   sg/my_clk/div_cnt_reg[14]/C
High Pulse Width  Slow    FDRE/C   n/a            0.500         5.000       4.500      SLICE_X62Y27   sg/my_clk/div_cnt_reg[10]/C
High Pulse Width  Slow    FDRE/C   n/a            0.500         5.000       4.500      SLICE_X62Y27   sg/my_clk/div_cnt_reg[11]/C
High Pulse Width  Slow    FDRE/C   n/a            0.500         5.000       4.500      SLICE_X62Y27   sg/my_clk/div_cnt_reg[12]/C
High Pulse Width  Slow    FDRE/C   n/a            0.500         5.000       4.500      SLICE_X62Y25   sg/my_clk/div_cnt_reg[1]/C
High Pulse Width  Slow    FDRE/C   n/a            0.500         5.000       4.500      SLICE_X62Y32   sg/my_clk/div_cnt_reg[29]/C
High Pulse Width  Slow    FDRE/C   n/a            0.500         5.000       4.500      SLICE_X62Y25   sg/my_clk/div_cnt_reg[2]/C
High Pulse Width  Slow    FDRE/C   n/a            0.500         5.000       4.500      SLICE_X62Y32   sg/my_clk/div_cnt_reg[30]/C
High Pulse Width  Slow    FDRE/C   n/a            0.500         5.000       4.500      SLICE_X62Y32   sg/my_clk/div_cnt_reg[31]/C
High Pulse Width  Slow    FDRE/C   n/a            0.500         5.000       4.500      SLICE_X62Y25   sg/my_clk/div_cnt_reg[3]/C
High Pulse Width  Slow    FDRE/C   n/a            0.500         5.000       4.500      SLICE_X62Y25   sg/my_clk/div_cnt_reg[4]/C



