Copyright 1986-2017 Xilinx, Inc. All Rights Reserved.
-----------------------------------------------------------------------------------------------------------------------------------------------------------------------
| Tool Version : Vivado v.2017.4 (win64) Build 2086221 Fri Dec 15 20:55:39 MST 2017
| Date         : Tue May 29 11:05:29 2018
| Host         : LAPTOP-PQR7H391 running 64-bit major release  (build 9200)
| Command      : report_methodology -file SYS_WRAPPER_methodology_drc_routed.rpt -pb SYS_WRAPPER_methodology_drc_routed.pb -rpx SYS_WRAPPER_methodology_drc_routed.rpx
| Design       : SYS_WRAPPER
| Device       : xc7a35tcpg236-1
| Speed File   : -1
| Design State : Routed
-----------------------------------------------------------------------------------------------------------------------------------------------------------------------

Report Methodology

Table of Contents
-----------------
1. REPORT SUMMARY
2. REPORT DETAILS

1. REPORT SUMMARY
-----------------
            Netlist: netlist
          Floorplan: design_1
      Design limits: <entire design considered>
             Max violations: <unlimited>
             Violations found: 293
+-----------+----------+-----------------------------+------------+
| Rule      | Severity | Description                 | Violations |
+-----------+----------+-----------------------------+------------+
| TIMING-17 | Warning  | Non-clocked sequential cell | 292        |
| TIMING-23 | Warning  | Combinational loop found    | 1          |
+-----------+----------+-----------------------------+------------+

2. REPORT DETAILS
-----------------
TIMING-17#1 Warning
Non-clocked sequential cell  
The clock pin my_debouncer/FSM_sequential_PS_reg[0]/C is not reached by a timing clock
Related violations: <none>

TIMING-17#2 Warning
Non-clocked sequential cell  
The clock pin my_debouncer/FSM_sequential_PS_reg[1]/C is not reached by a timing clock
Related violations: <none>

TIMING-17#3 Warning
Non-clocked sequential cell  
The clock pin my_debouncer/FSM_sequential_PS_reg[2]/C is not reached by a timing clock
Related violations: <none>

TIMING-17#4 Warning
Non-clocked sequential cell  
The clock pin my_debouncer/bounce_counter/s_count_reg[0]/C is not reached by a timing clock
Related violations: <none>

TIMING-17#5 Warning
Non-clocked sequential cell  
The clock pin my_debouncer/bounce_counter/s_count_reg[1]/C is not reached by a timing clock
Related violations: <none>

TIMING-17#6 Warning
Non-clocked sequential cell  
The clock pin my_debouncer/bounce_counter/s_count_reg[2]/C is not reached by a timing clock
Related violations: <none>

TIMING-17#7 Warning
Non-clocked sequential cell  
The clock pin my_debouncer/bounce_counter/s_count_reg[3]/C is not reached by a timing clock
Related violations: <none>

TIMING-17#8 Warning
Non-clocked sequential cell  
The clock pin my_debouncer/bounce_counter/s_count_reg[4]/C is not reached by a timing clock
Related violations: <none>

TIMING-17#9 Warning
Non-clocked sequential cell  
The clock pin my_debouncer/bounce_counter/s_count_reg[5]/C is not reached by a timing clock
Related violations: <none>

TIMING-17#10 Warning
Non-clocked sequential cell  
The clock pin my_debouncer/bounce_counter/s_count_reg[6]/C is not reached by a timing clock
Related violations: <none>

TIMING-17#11 Warning
Non-clocked sequential cell  
The clock pin my_debouncer/bounce_counter/s_count_reg[7]/C is not reached by a timing clock
Related violations: <none>

TIMING-17#12 Warning
Non-clocked sequential cell  
The clock pin rat/CPU/br_pred/BR_NOP_CU_reg/C is not reached by a timing clock
Related violations: <none>

TIMING-17#13 Warning
Non-clocked sequential cell  
The clock pin rat/CPU/br_pred/BR_PC_LD_reg/C is not reached by a timing clock
Related violations: <none>

TIMING-17#14 Warning
Non-clocked sequential cell  
The clock pin rat/CPU/br_pred/PC_CNT_OUT_reg[0]/C is not reached by a timing clock
Related violations: <none>

TIMING-17#15 Warning
Non-clocked sequential cell  
The clock pin rat/CPU/br_pred/PC_CNT_OUT_reg[1]/C is not reached by a timing clock
Related violations: <none>

TIMING-17#16 Warning
Non-clocked sequential cell  
The clock pin rat/CPU/br_pred/PC_CNT_OUT_reg[2]/C is not reached by a timing clock
Related violations: <none>

TIMING-17#17 Warning
Non-clocked sequential cell  
The clock pin rat/CPU/br_pred/PC_CNT_OUT_reg[3]/C is not reached by a timing clock
Related violations: <none>

TIMING-17#18 Warning
Non-clocked sequential cell  
The clock pin rat/CPU/br_pred/PC_CNT_OUT_reg[4]/C is not reached by a timing clock
Related violations: <none>

TIMING-17#19 Warning
Non-clocked sequential cell  
The clock pin rat/CPU/br_pred/PC_CNT_OUT_reg[5]/C is not reached by a timing clock
Related violations: <none>

TIMING-17#20 Warning
Non-clocked sequential cell  
The clock pin rat/CPU/br_pred/PC_CNT_OUT_reg[6]/C is not reached by a timing clock
Related violations: <none>

TIMING-17#21 Warning
Non-clocked sequential cell  
The clock pin rat/CPU/br_pred/PC_CNT_OUT_reg[7]/C is not reached by a timing clock
Related violations: <none>

TIMING-17#22 Warning
Non-clocked sequential cell  
The clock pin rat/CPU/br_pred/PC_CNT_OUT_reg[8]/C is not reached by a timing clock
Related violations: <none>

TIMING-17#23 Warning
Non-clocked sequential cell  
The clock pin rat/CPU/br_pred/PC_CNT_OUT_reg[9]/C is not reached by a timing clock
Related violations: <none>

TIMING-17#24 Warning
Non-clocked sequential cell  
The clock pin rat/CPU/br_pred/s_br_nop_stall_reg/C is not reached by a timing clock
Related violations: <none>

TIMING-17#25 Warning
Non-clocked sequential cell  
The clock pin rat/CPU/br_pred/s_brn_wait_reg[0]/C is not reached by a timing clock
Related violations: <none>

TIMING-17#26 Warning
Non-clocked sequential cell  
The clock pin rat/CPU/br_pred/s_brn_wait_reg[1]/C is not reached by a timing clock
Related violations: <none>

TIMING-17#27 Warning
Non-clocked sequential cell  
The clock pin rat/CPU/br_pred/s_pc_cnt_nt_prev_reg[0]/C is not reached by a timing clock
Related violations: <none>

TIMING-17#28 Warning
Non-clocked sequential cell  
The clock pin rat/CPU/br_pred/s_pc_cnt_nt_prev_reg[1]/C is not reached by a timing clock
Related violations: <none>

TIMING-17#29 Warning
Non-clocked sequential cell  
The clock pin rat/CPU/br_pred/s_pc_cnt_nt_prev_reg[2]/C is not reached by a timing clock
Related violations: <none>

TIMING-17#30 Warning
Non-clocked sequential cell  
The clock pin rat/CPU/br_pred/s_pc_cnt_nt_prev_reg[3]/C is not reached by a timing clock
Related violations: <none>

TIMING-17#31 Warning
Non-clocked sequential cell  
The clock pin rat/CPU/br_pred/s_pc_cnt_nt_prev_reg[4]/C is not reached by a timing clock
Related violations: <none>

TIMING-17#32 Warning
Non-clocked sequential cell  
The clock pin rat/CPU/br_pred/s_pc_cnt_nt_prev_reg[5]/C is not reached by a timing clock
Related violations: <none>

TIMING-17#33 Warning
Non-clocked sequential cell  
The clock pin rat/CPU/br_pred/s_pc_cnt_nt_prev_reg[6]/C is not reached by a timing clock
Related violations: <none>

TIMING-17#34 Warning
Non-clocked sequential cell  
The clock pin rat/CPU/br_pred/s_pc_cnt_nt_prev_reg[7]/C is not reached by a timing clock
Related violations: <none>

TIMING-17#35 Warning
Non-clocked sequential cell  
The clock pin rat/CPU/br_pred/s_pc_cnt_nt_prev_reg[8]/C is not reached by a timing clock
Related violations: <none>

TIMING-17#36 Warning
Non-clocked sequential cell  
The clock pin rat/CPU/br_pred/s_pc_cnt_nt_prev_reg[9]/C is not reached by a timing clock
Related violations: <none>

TIMING-17#37 Warning
Non-clocked sequential cell  
The clock pin rat/CPU/decode/my_cu/PS_reg[0]/C is not reached by a timing clock
Related violations: <none>

TIMING-17#38 Warning
Non-clocked sequential cell  
The clock pin rat/CPU/decode/my_cu/PS_reg[1]/C is not reached by a timing clock
Related violations: <none>

TIMING-17#39 Warning
Non-clocked sequential cell  
The clock pin rat/CPU/decode/my_i_flag/I_REG/OUT_FLAG_reg/C is not reached by a timing clock
Related violations: <none>

TIMING-17#40 Warning
Non-clocked sequential cell  
The clock pin rat/CPU/decode/my_regfile/REG_reg_r1_0_31_0_5/RAMA/CLK is not reached by a timing clock
Related violations: <none>

TIMING-17#41 Warning
Non-clocked sequential cell  
The clock pin rat/CPU/decode/my_regfile/REG_reg_r1_0_31_0_5/RAMA_D1/CLK is not reached by a timing clock
Related violations: <none>

TIMING-17#42 Warning
Non-clocked sequential cell  
The clock pin rat/CPU/decode/my_regfile/REG_reg_r1_0_31_0_5/RAMB/CLK is not reached by a timing clock
Related violations: <none>

TIMING-17#43 Warning
Non-clocked sequential cell  
The clock pin rat/CPU/decode/my_regfile/REG_reg_r1_0_31_0_5/RAMB_D1/CLK is not reached by a timing clock
Related violations: <none>

TIMING-17#44 Warning
Non-clocked sequential cell  
The clock pin rat/CPU/decode/my_regfile/REG_reg_r1_0_31_0_5/RAMC/CLK is not reached by a timing clock
Related violations: <none>

TIMING-17#45 Warning
Non-clocked sequential cell  
The clock pin rat/CPU/decode/my_regfile/REG_reg_r1_0_31_0_5/RAMC_D1/CLK is not reached by a timing clock
Related violations: <none>

TIMING-17#46 Warning
Non-clocked sequential cell  
The clock pin rat/CPU/decode/my_regfile/REG_reg_r1_0_31_0_5/RAMD/CLK is not reached by a timing clock
Related violations: <none>

TIMING-17#47 Warning
Non-clocked sequential cell  
The clock pin rat/CPU/decode/my_regfile/REG_reg_r1_0_31_0_5/RAMD_D1/CLK is not reached by a timing clock
Related violations: <none>

TIMING-17#48 Warning
Non-clocked sequential cell  
The clock pin rat/CPU/decode/my_regfile/REG_reg_r1_0_31_6_7/RAMA/CLK is not reached by a timing clock
Related violations: <none>

TIMING-17#49 Warning
Non-clocked sequential cell  
The clock pin rat/CPU/decode/my_regfile/REG_reg_r1_0_31_6_7/RAMA_D1/CLK is not reached by a timing clock
Related violations: <none>

TIMING-17#50 Warning
Non-clocked sequential cell  
The clock pin rat/CPU/decode/my_regfile/REG_reg_r1_0_31_6_7/RAMB/CLK is not reached by a timing clock
Related violations: <none>

TIMING-17#51 Warning
Non-clocked sequential cell  
The clock pin rat/CPU/decode/my_regfile/REG_reg_r1_0_31_6_7/RAMB_D1/CLK is not reached by a timing clock
Related violations: <none>

TIMING-17#52 Warning
Non-clocked sequential cell  
The clock pin rat/CPU/decode/my_regfile/REG_reg_r1_0_31_6_7/RAMC/CLK is not reached by a timing clock
Related violations: <none>

TIMING-17#53 Warning
Non-clocked sequential cell  
The clock pin rat/CPU/decode/my_regfile/REG_reg_r1_0_31_6_7/RAMC_D1/CLK is not reached by a timing clock
Related violations: <none>

TIMING-17#54 Warning
Non-clocked sequential cell  
The clock pin rat/CPU/decode/my_regfile/REG_reg_r1_0_31_6_7/RAMD/CLK is not reached by a timing clock
Related violations: <none>

TIMING-17#55 Warning
Non-clocked sequential cell  
The clock pin rat/CPU/decode/my_regfile/REG_reg_r1_0_31_6_7/RAMD_D1/CLK is not reached by a timing clock
Related violations: <none>

TIMING-17#56 Warning
Non-clocked sequential cell  
The clock pin rat/CPU/decode/my_regfile/REG_reg_r2_0_31_0_5/RAMA/CLK is not reached by a timing clock
Related violations: <none>

TIMING-17#57 Warning
Non-clocked sequential cell  
The clock pin rat/CPU/decode/my_regfile/REG_reg_r2_0_31_0_5/RAMA_D1/CLK is not reached by a timing clock
Related violations: <none>

TIMING-17#58 Warning
Non-clocked sequential cell  
The clock pin rat/CPU/decode/my_regfile/REG_reg_r2_0_31_0_5/RAMB/CLK is not reached by a timing clock
Related violations: <none>

TIMING-17#59 Warning
Non-clocked sequential cell  
The clock pin rat/CPU/decode/my_regfile/REG_reg_r2_0_31_0_5/RAMB_D1/CLK is not reached by a timing clock
Related violations: <none>

TIMING-17#60 Warning
Non-clocked sequential cell  
The clock pin rat/CPU/decode/my_regfile/REG_reg_r2_0_31_0_5/RAMC/CLK is not reached by a timing clock
Related violations: <none>

TIMING-17#61 Warning
Non-clocked sequential cell  
The clock pin rat/CPU/decode/my_regfile/REG_reg_r2_0_31_0_5/RAMC_D1/CLK is not reached by a timing clock
Related violations: <none>

TIMING-17#62 Warning
Non-clocked sequential cell  
The clock pin rat/CPU/decode/my_regfile/REG_reg_r2_0_31_0_5/RAMD/CLK is not reached by a timing clock
Related violations: <none>

TIMING-17#63 Warning
Non-clocked sequential cell  
The clock pin rat/CPU/decode/my_regfile/REG_reg_r2_0_31_0_5/RAMD_D1/CLK is not reached by a timing clock
Related violations: <none>

TIMING-17#64 Warning
Non-clocked sequential cell  
The clock pin rat/CPU/decode/my_regfile/REG_reg_r2_0_31_6_7/RAMA/CLK is not reached by a timing clock
Related violations: <none>

TIMING-17#65 Warning
Non-clocked sequential cell  
The clock pin rat/CPU/decode/my_regfile/REG_reg_r2_0_31_6_7/RAMA_D1/CLK is not reached by a timing clock
Related violations: <none>

TIMING-17#66 Warning
Non-clocked sequential cell  
The clock pin rat/CPU/decode/my_regfile/REG_reg_r2_0_31_6_7/RAMB/CLK is not reached by a timing clock
Related violations: <none>

TIMING-17#67 Warning
Non-clocked sequential cell  
The clock pin rat/CPU/decode/my_regfile/REG_reg_r2_0_31_6_7/RAMB_D1/CLK is not reached by a timing clock
Related violations: <none>

TIMING-17#68 Warning
Non-clocked sequential cell  
The clock pin rat/CPU/decode/my_regfile/REG_reg_r2_0_31_6_7/RAMC/CLK is not reached by a timing clock
Related violations: <none>

TIMING-17#69 Warning
Non-clocked sequential cell  
The clock pin rat/CPU/decode/my_regfile/REG_reg_r2_0_31_6_7/RAMC_D1/CLK is not reached by a timing clock
Related violations: <none>

TIMING-17#70 Warning
Non-clocked sequential cell  
The clock pin rat/CPU/decode/my_regfile/REG_reg_r2_0_31_6_7/RAMD/CLK is not reached by a timing clock
Related violations: <none>

TIMING-17#71 Warning
Non-clocked sequential cell  
The clock pin rat/CPU/decode/my_regfile/REG_reg_r2_0_31_6_7/RAMD_D1/CLK is not reached by a timing clock
Related violations: <none>

TIMING-17#72 Warning
Non-clocked sequential cell  
The clock pin rat/CPU/decode_buffer/s_ALU_OP_SEL_IN_reg/C is not reached by a timing clock
Related violations: <none>

TIMING-17#73 Warning
Non-clocked sequential cell  
The clock pin rat/CPU/decode_buffer/s_ALU_SEL_IN_reg[0]/C is not reached by a timing clock
Related violations: <none>

TIMING-17#74 Warning
Non-clocked sequential cell  
The clock pin rat/CPU/decode_buffer/s_ALU_SEL_IN_reg[1]/C is not reached by a timing clock
Related violations: <none>

TIMING-17#75 Warning
Non-clocked sequential cell  
The clock pin rat/CPU/decode_buffer/s_ALU_SEL_IN_reg[2]/C is not reached by a timing clock
Related violations: <none>

TIMING-17#76 Warning
Non-clocked sequential cell  
The clock pin rat/CPU/decode_buffer/s_ALU_SEL_IN_reg[3]/C is not reached by a timing clock
Related violations: <none>

TIMING-17#77 Warning
Non-clocked sequential cell  
The clock pin rat/CPU/decode_buffer/s_FLG_C_CLR_IN_reg/C is not reached by a timing clock
Related violations: <none>

TIMING-17#78 Warning
Non-clocked sequential cell  
The clock pin rat/CPU/decode_buffer/s_FLG_C_LD_IN_reg/C is not reached by a timing clock
Related violations: <none>

TIMING-17#79 Warning
Non-clocked sequential cell  
The clock pin rat/CPU/decode_buffer/s_FLG_C_SET_IN_reg/C is not reached by a timing clock
Related violations: <none>

TIMING-17#80 Warning
Non-clocked sequential cell  
The clock pin rat/CPU/decode_buffer/s_FLG_LD_SEL_IN_reg/C is not reached by a timing clock
Related violations: <none>

TIMING-17#81 Warning
Non-clocked sequential cell  
The clock pin rat/CPU/decode_buffer/s_FLG_SHAD_LD_IN_reg/C is not reached by a timing clock
Related violations: <none>

TIMING-17#82 Warning
Non-clocked sequential cell  
The clock pin rat/CPU/decode_buffer/s_IR_IN_reg[0]/C is not reached by a timing clock
Related violations: <none>

TIMING-17#83 Warning
Non-clocked sequential cell  
The clock pin rat/CPU/decode_buffer/s_IR_IN_reg[10]/C is not reached by a timing clock
Related violations: <none>

TIMING-17#84 Warning
Non-clocked sequential cell  
The clock pin rat/CPU/decode_buffer/s_IR_IN_reg[11]/C is not reached by a timing clock
Related violations: <none>

TIMING-17#85 Warning
Non-clocked sequential cell  
The clock pin rat/CPU/decode_buffer/s_IR_IN_reg[12]/C is not reached by a timing clock
Related violations: <none>

TIMING-17#86 Warning
Non-clocked sequential cell  
The clock pin rat/CPU/decode_buffer/s_IR_IN_reg[1]/C is not reached by a timing clock
Related violations: <none>

TIMING-17#87 Warning
Non-clocked sequential cell  
The clock pin rat/CPU/decode_buffer/s_IR_IN_reg[2]/C is not reached by a timing clock
Related violations: <none>

TIMING-17#88 Warning
Non-clocked sequential cell  
The clock pin rat/CPU/decode_buffer/s_IR_IN_reg[3]/C is not reached by a timing clock
Related violations: <none>

TIMING-17#89 Warning
Non-clocked sequential cell  
The clock pin rat/CPU/decode_buffer/s_IR_IN_reg[4]/C is not reached by a timing clock
Related violations: <none>

TIMING-17#90 Warning
Non-clocked sequential cell  
The clock pin rat/CPU/decode_buffer/s_IR_IN_reg[5]/C is not reached by a timing clock
Related violations: <none>

TIMING-17#91 Warning
Non-clocked sequential cell  
The clock pin rat/CPU/decode_buffer/s_IR_IN_reg[6]/C is not reached by a timing clock
Related violations: <none>

TIMING-17#92 Warning
Non-clocked sequential cell  
The clock pin rat/CPU/decode_buffer/s_IR_IN_reg[7]/C is not reached by a timing clock
Related violations: <none>

TIMING-17#93 Warning
Non-clocked sequential cell  
The clock pin rat/CPU/decode_buffer/s_IR_IN_reg[8]/C is not reached by a timing clock
Related violations: <none>

TIMING-17#94 Warning
Non-clocked sequential cell  
The clock pin rat/CPU/decode_buffer/s_IR_IN_reg[9]/C is not reached by a timing clock
Related violations: <none>

TIMING-17#95 Warning
Non-clocked sequential cell  
The clock pin rat/CPU/decode_buffer/s_PC_CNT_IN_reg[0]/C is not reached by a timing clock
Related violations: <none>

TIMING-17#96 Warning
Non-clocked sequential cell  
The clock pin rat/CPU/decode_buffer/s_PC_CNT_IN_reg[1]/C is not reached by a timing clock
Related violations: <none>

TIMING-17#97 Warning
Non-clocked sequential cell  
The clock pin rat/CPU/decode_buffer/s_PC_CNT_IN_reg[2]/C is not reached by a timing clock
Related violations: <none>

TIMING-17#98 Warning
Non-clocked sequential cell  
The clock pin rat/CPU/decode_buffer/s_PC_CNT_IN_reg[3]/C is not reached by a timing clock
Related violations: <none>

TIMING-17#99 Warning
Non-clocked sequential cell  
The clock pin rat/CPU/decode_buffer/s_PC_CNT_IN_reg[4]/C is not reached by a timing clock
Related violations: <none>

TIMING-17#100 Warning
Non-clocked sequential cell  
The clock pin rat/CPU/decode_buffer/s_PC_CNT_IN_reg[5]/C is not reached by a timing clock
Related violations: <none>

TIMING-17#101 Warning
Non-clocked sequential cell  
The clock pin rat/CPU/decode_buffer/s_PC_CNT_IN_reg[6]/C is not reached by a timing clock
Related violations: <none>

TIMING-17#102 Warning
Non-clocked sequential cell  
The clock pin rat/CPU/decode_buffer/s_PC_CNT_IN_reg[7]/C is not reached by a timing clock
Related violations: <none>

TIMING-17#103 Warning
Non-clocked sequential cell  
The clock pin rat/CPU/decode_buffer/s_PC_LD_IN_reg/C is not reached by a timing clock
Related violations: <none>

TIMING-17#104 Warning
Non-clocked sequential cell  
The clock pin rat/CPU/decode_buffer/s_REG_DX_IN_reg[0]/C is not reached by a timing clock
Related violations: <none>

TIMING-17#105 Warning
Non-clocked sequential cell  
The clock pin rat/CPU/decode_buffer/s_REG_DX_IN_reg[1]/C is not reached by a timing clock
Related violations: <none>

TIMING-17#106 Warning
Non-clocked sequential cell  
The clock pin rat/CPU/decode_buffer/s_REG_DX_IN_reg[2]/C is not reached by a timing clock
Related violations: <none>

TIMING-17#107 Warning
Non-clocked sequential cell  
The clock pin rat/CPU/decode_buffer/s_REG_DX_IN_reg[3]/C is not reached by a timing clock
Related violations: <none>

TIMING-17#108 Warning
Non-clocked sequential cell  
The clock pin rat/CPU/decode_buffer/s_REG_DX_IN_reg[4]/C is not reached by a timing clock
Related violations: <none>

TIMING-17#109 Warning
Non-clocked sequential cell  
The clock pin rat/CPU/decode_buffer/s_REG_DX_IN_reg[5]/C is not reached by a timing clock
Related violations: <none>

TIMING-17#110 Warning
Non-clocked sequential cell  
The clock pin rat/CPU/decode_buffer/s_REG_DX_IN_reg[6]/C is not reached by a timing clock
Related violations: <none>

TIMING-17#111 Warning
Non-clocked sequential cell  
The clock pin rat/CPU/decode_buffer/s_REG_DX_IN_reg[7]/C is not reached by a timing clock
Related violations: <none>

TIMING-17#112 Warning
Non-clocked sequential cell  
The clock pin rat/CPU/decode_buffer/s_REG_DY_IN_reg[0]/C is not reached by a timing clock
Related violations: <none>

TIMING-17#113 Warning
Non-clocked sequential cell  
The clock pin rat/CPU/decode_buffer/s_REG_DY_IN_reg[1]/C is not reached by a timing clock
Related violations: <none>

TIMING-17#114 Warning
Non-clocked sequential cell  
The clock pin rat/CPU/decode_buffer/s_REG_DY_IN_reg[2]/C is not reached by a timing clock
Related violations: <none>

TIMING-17#115 Warning
Non-clocked sequential cell  
The clock pin rat/CPU/decode_buffer/s_REG_DY_IN_reg[3]/C is not reached by a timing clock
Related violations: <none>

TIMING-17#116 Warning
Non-clocked sequential cell  
The clock pin rat/CPU/decode_buffer/s_REG_DY_IN_reg[4]/C is not reached by a timing clock
Related violations: <none>

TIMING-17#117 Warning
Non-clocked sequential cell  
The clock pin rat/CPU/decode_buffer/s_REG_DY_IN_reg[5]/C is not reached by a timing clock
Related violations: <none>

TIMING-17#118 Warning
Non-clocked sequential cell  
The clock pin rat/CPU/decode_buffer/s_REG_DY_IN_reg[6]/C is not reached by a timing clock
Related violations: <none>

TIMING-17#119 Warning
Non-clocked sequential cell  
The clock pin rat/CPU/decode_buffer/s_REG_DY_IN_reg[7]/C is not reached by a timing clock
Related violations: <none>

TIMING-17#120 Warning
Non-clocked sequential cell  
The clock pin rat/CPU/decode_buffer/s_RF_WR_IN_reg/C is not reached by a timing clock
Related violations: <none>

TIMING-17#121 Warning
Non-clocked sequential cell  
The clock pin rat/CPU/decode_buffer/s_RF_WR_SEL_IN_reg[0]/C is not reached by a timing clock
Related violations: <none>

TIMING-17#122 Warning
Non-clocked sequential cell  
The clock pin rat/CPU/decode_buffer/s_RF_WR_SEL_IN_reg[1]/C is not reached by a timing clock
Related violations: <none>

TIMING-17#123 Warning
Non-clocked sequential cell  
The clock pin rat/CPU/decode_buffer/s_RST_IN_reg/C is not reached by a timing clock
Related violations: <none>

TIMING-17#124 Warning
Non-clocked sequential cell  
The clock pin rat/CPU/decode_buffer/s_SCR_ADDR_SEL_IN_reg[0]/C is not reached by a timing clock
Related violations: <none>

TIMING-17#125 Warning
Non-clocked sequential cell  
The clock pin rat/CPU/decode_buffer/s_SCR_ADDR_SEL_IN_reg[1]/C is not reached by a timing clock
Related violations: <none>

TIMING-17#126 Warning
Non-clocked sequential cell  
The clock pin rat/CPU/decode_buffer/s_SCR_DATA_SEL_IN_reg/C is not reached by a timing clock
Related violations: <none>

TIMING-17#127 Warning
Non-clocked sequential cell  
The clock pin rat/CPU/decode_buffer/s_SCR_WE_IN_reg/C is not reached by a timing clock
Related violations: <none>

TIMING-17#128 Warning
Non-clocked sequential cell  
The clock pin rat/CPU/decode_buffer/s_SP_DECR_IN_reg/C is not reached by a timing clock
Related violations: <none>

TIMING-17#129 Warning
Non-clocked sequential cell  
The clock pin rat/CPU/decode_buffer/s_SP_INCR_IN_reg/C is not reached by a timing clock
Related violations: <none>

TIMING-17#130 Warning
Non-clocked sequential cell  
The clock pin rat/CPU/decode_buffer/s_SP_LD_IN_reg/C is not reached by a timing clock
Related violations: <none>

TIMING-17#131 Warning
Non-clocked sequential cell  
The clock pin rat/CPU/exwr/my_SCR/REG_reg_0_255_0_0/RAMS64E_A/CLK is not reached by a timing clock
Related violations: <none>

TIMING-17#132 Warning
Non-clocked sequential cell  
The clock pin rat/CPU/exwr/my_SCR/REG_reg_0_255_0_0/RAMS64E_B/CLK is not reached by a timing clock
Related violations: <none>

TIMING-17#133 Warning
Non-clocked sequential cell  
The clock pin rat/CPU/exwr/my_SCR/REG_reg_0_255_0_0/RAMS64E_C/CLK is not reached by a timing clock
Related violations: <none>

TIMING-17#134 Warning
Non-clocked sequential cell  
The clock pin rat/CPU/exwr/my_SCR/REG_reg_0_255_0_0/RAMS64E_D/CLK is not reached by a timing clock
Related violations: <none>

TIMING-17#135 Warning
Non-clocked sequential cell  
The clock pin rat/CPU/exwr/my_SCR/REG_reg_0_255_1_1/RAMS64E_A/CLK is not reached by a timing clock
Related violations: <none>

TIMING-17#136 Warning
Non-clocked sequential cell  
The clock pin rat/CPU/exwr/my_SCR/REG_reg_0_255_1_1/RAMS64E_B/CLK is not reached by a timing clock
Related violations: <none>

TIMING-17#137 Warning
Non-clocked sequential cell  
The clock pin rat/CPU/exwr/my_SCR/REG_reg_0_255_1_1/RAMS64E_C/CLK is not reached by a timing clock
Related violations: <none>

TIMING-17#138 Warning
Non-clocked sequential cell  
The clock pin rat/CPU/exwr/my_SCR/REG_reg_0_255_1_1/RAMS64E_D/CLK is not reached by a timing clock
Related violations: <none>

TIMING-17#139 Warning
Non-clocked sequential cell  
The clock pin rat/CPU/exwr/my_SCR/REG_reg_0_255_2_2/RAMS64E_A/CLK is not reached by a timing clock
Related violations: <none>

TIMING-17#140 Warning
Non-clocked sequential cell  
The clock pin rat/CPU/exwr/my_SCR/REG_reg_0_255_2_2/RAMS64E_B/CLK is not reached by a timing clock
Related violations: <none>

TIMING-17#141 Warning
Non-clocked sequential cell  
The clock pin rat/CPU/exwr/my_SCR/REG_reg_0_255_2_2/RAMS64E_C/CLK is not reached by a timing clock
Related violations: <none>

TIMING-17#142 Warning
Non-clocked sequential cell  
The clock pin rat/CPU/exwr/my_SCR/REG_reg_0_255_2_2/RAMS64E_D/CLK is not reached by a timing clock
Related violations: <none>

TIMING-17#143 Warning
Non-clocked sequential cell  
The clock pin rat/CPU/exwr/my_SCR/REG_reg_0_255_3_3/RAMS64E_A/CLK is not reached by a timing clock
Related violations: <none>

TIMING-17#144 Warning
Non-clocked sequential cell  
The clock pin rat/CPU/exwr/my_SCR/REG_reg_0_255_3_3/RAMS64E_B/CLK is not reached by a timing clock
Related violations: <none>

TIMING-17#145 Warning
Non-clocked sequential cell  
The clock pin rat/CPU/exwr/my_SCR/REG_reg_0_255_3_3/RAMS64E_C/CLK is not reached by a timing clock
Related violations: <none>

TIMING-17#146 Warning
Non-clocked sequential cell  
The clock pin rat/CPU/exwr/my_SCR/REG_reg_0_255_3_3/RAMS64E_D/CLK is not reached by a timing clock
Related violations: <none>

TIMING-17#147 Warning
Non-clocked sequential cell  
The clock pin rat/CPU/exwr/my_SCR/REG_reg_0_255_4_4/RAMS64E_A/CLK is not reached by a timing clock
Related violations: <none>

TIMING-17#148 Warning
Non-clocked sequential cell  
The clock pin rat/CPU/exwr/my_SCR/REG_reg_0_255_4_4/RAMS64E_B/CLK is not reached by a timing clock
Related violations: <none>

TIMING-17#149 Warning
Non-clocked sequential cell  
The clock pin rat/CPU/exwr/my_SCR/REG_reg_0_255_4_4/RAMS64E_C/CLK is not reached by a timing clock
Related violations: <none>

TIMING-17#150 Warning
Non-clocked sequential cell  
The clock pin rat/CPU/exwr/my_SCR/REG_reg_0_255_4_4/RAMS64E_D/CLK is not reached by a timing clock
Related violations: <none>

TIMING-17#151 Warning
Non-clocked sequential cell  
The clock pin rat/CPU/exwr/my_SCR/REG_reg_0_255_5_5/RAMS64E_A/CLK is not reached by a timing clock
Related violations: <none>

TIMING-17#152 Warning
Non-clocked sequential cell  
The clock pin rat/CPU/exwr/my_SCR/REG_reg_0_255_5_5/RAMS64E_B/CLK is not reached by a timing clock
Related violations: <none>

TIMING-17#153 Warning
Non-clocked sequential cell  
The clock pin rat/CPU/exwr/my_SCR/REG_reg_0_255_5_5/RAMS64E_C/CLK is not reached by a timing clock
Related violations: <none>

TIMING-17#154 Warning
Non-clocked sequential cell  
The clock pin rat/CPU/exwr/my_SCR/REG_reg_0_255_5_5/RAMS64E_D/CLK is not reached by a timing clock
Related violations: <none>

TIMING-17#155 Warning
Non-clocked sequential cell  
The clock pin rat/CPU/exwr/my_SCR/REG_reg_0_255_6_6/RAMS64E_A/CLK is not reached by a timing clock
Related violations: <none>

TIMING-17#156 Warning
Non-clocked sequential cell  
The clock pin rat/CPU/exwr/my_SCR/REG_reg_0_255_6_6/RAMS64E_B/CLK is not reached by a timing clock
Related violations: <none>

TIMING-17#157 Warning
Non-clocked sequential cell  
The clock pin rat/CPU/exwr/my_SCR/REG_reg_0_255_6_6/RAMS64E_C/CLK is not reached by a timing clock
Related violations: <none>

TIMING-17#158 Warning
Non-clocked sequential cell  
The clock pin rat/CPU/exwr/my_SCR/REG_reg_0_255_6_6/RAMS64E_D/CLK is not reached by a timing clock
Related violations: <none>

TIMING-17#159 Warning
Non-clocked sequential cell  
The clock pin rat/CPU/exwr/my_SCR/REG_reg_0_255_7_7/RAMS64E_A/CLK is not reached by a timing clock
Related violations: <none>

TIMING-17#160 Warning
Non-clocked sequential cell  
The clock pin rat/CPU/exwr/my_SCR/REG_reg_0_255_7_7/RAMS64E_B/CLK is not reached by a timing clock
Related violations: <none>

TIMING-17#161 Warning
Non-clocked sequential cell  
The clock pin rat/CPU/exwr/my_SCR/REG_reg_0_255_7_7/RAMS64E_C/CLK is not reached by a timing clock
Related violations: <none>

TIMING-17#162 Warning
Non-clocked sequential cell  
The clock pin rat/CPU/exwr/my_SCR/REG_reg_0_255_7_7/RAMS64E_D/CLK is not reached by a timing clock
Related violations: <none>

TIMING-17#163 Warning
Non-clocked sequential cell  
The clock pin rat/CPU/exwr/my_SP/sp_sig_reg[0]/C is not reached by a timing clock
Related violations: <none>

TIMING-17#164 Warning
Non-clocked sequential cell  
The clock pin rat/CPU/exwr/my_SP/sp_sig_reg[1]/C is not reached by a timing clock
Related violations: <none>

TIMING-17#165 Warning
Non-clocked sequential cell  
The clock pin rat/CPU/exwr/my_SP/sp_sig_reg[2]/C is not reached by a timing clock
Related violations: <none>

TIMING-17#166 Warning
Non-clocked sequential cell  
The clock pin rat/CPU/exwr/my_SP/sp_sig_reg[3]/C is not reached by a timing clock
Related violations: <none>

TIMING-17#167 Warning
Non-clocked sequential cell  
The clock pin rat/CPU/exwr/my_SP/sp_sig_reg[4]/C is not reached by a timing clock
Related violations: <none>

TIMING-17#168 Warning
Non-clocked sequential cell  
The clock pin rat/CPU/exwr/my_SP/sp_sig_reg[5]/C is not reached by a timing clock
Related violations: <none>

TIMING-17#169 Warning
Non-clocked sequential cell  
The clock pin rat/CPU/exwr/my_SP/sp_sig_reg[6]/C is not reached by a timing clock
Related violations: <none>

TIMING-17#170 Warning
Non-clocked sequential cell  
The clock pin rat/CPU/exwr/my_SP/sp_sig_reg[7]/C is not reached by a timing clock
Related violations: <none>

TIMING-17#171 Warning
Non-clocked sequential cell  
The clock pin rat/CPU/exwr/my_flgs/C_REG/OUT_FLAG_reg/C is not reached by a timing clock
Related violations: <none>

TIMING-17#172 Warning
Non-clocked sequential cell  
The clock pin rat/CPU/exwr/my_flgs/SHAD_C/OUT_FLAG_reg/C is not reached by a timing clock
Related violations: <none>

TIMING-17#173 Warning
Non-clocked sequential cell  
The clock pin rat/CPU/fetch/cnt/cnt/count_sig_reg[0]/C is not reached by a timing clock
Related violations: <none>

TIMING-17#174 Warning
Non-clocked sequential cell  
The clock pin rat/CPU/fetch/cnt/cnt/count_sig_reg[1]/C is not reached by a timing clock
Related violations: <none>

TIMING-17#175 Warning
Non-clocked sequential cell  
The clock pin rat/CPU/fetch/cnt/cnt/count_sig_reg[2]/C is not reached by a timing clock
Related violations: <none>

TIMING-17#176 Warning
Non-clocked sequential cell  
The clock pin rat/CPU/fetch/cnt/cnt/count_sig_reg[3]/C is not reached by a timing clock
Related violations: <none>

TIMING-17#177 Warning
Non-clocked sequential cell  
The clock pin rat/CPU/fetch/cnt/cnt/count_sig_reg[4]/C is not reached by a timing clock
Related violations: <none>

TIMING-17#178 Warning
Non-clocked sequential cell  
The clock pin rat/CPU/fetch/cnt/cnt/count_sig_reg[5]/C is not reached by a timing clock
Related violations: <none>

TIMING-17#179 Warning
Non-clocked sequential cell  
The clock pin rat/CPU/fetch/cnt/cnt/count_sig_reg[6]/C is not reached by a timing clock
Related violations: <none>

TIMING-17#180 Warning
Non-clocked sequential cell  
The clock pin rat/CPU/fetch/cnt/cnt/count_sig_reg[7]/C is not reached by a timing clock
Related violations: <none>

TIMING-17#181 Warning
Non-clocked sequential cell  
The clock pin rat/CPU/fetch/cnt/cnt/count_sig_reg[8]/C is not reached by a timing clock
Related violations: <none>

TIMING-17#182 Warning
Non-clocked sequential cell  
The clock pin rat/CPU/fetch/cnt/cnt/count_sig_reg[9]/C is not reached by a timing clock
Related violations: <none>

TIMING-17#183 Warning
Non-clocked sequential cell  
The clock pin rat/CPU/fetch/prog/ram_1024_x_18/CLKARDCLK is not reached by a timing clock
Related violations: <none>

TIMING-17#184 Warning
Non-clocked sequential cell  
The clock pin rat/CPU/fetch/prog/rat/CPU/fetch/prog/ram_1024_x_18_cooolgate_en_gate_1_cooolDelFlop/C is not reached by a timing clock
Related violations: <none>

TIMING-17#185 Warning
Non-clocked sequential cell  
The clock pin rat/CPU/fetch/prog/rat/CPU/fetch/prog/ram_1024_x_18_cooolgate_en_gate_2_cooolDelFlop/C is not reached by a timing clock
Related violations: <none>

TIMING-17#186 Warning
Non-clocked sequential cell  
The clock pin rat/CPU/fetch_buffer/pc_sig_reg[0]/C is not reached by a timing clock
Related violations: <none>

TIMING-17#187 Warning
Non-clocked sequential cell  
The clock pin rat/CPU/fetch_buffer/pc_sig_reg[1]/C is not reached by a timing clock
Related violations: <none>

TIMING-17#188 Warning
Non-clocked sequential cell  
The clock pin rat/CPU/fetch_buffer/pc_sig_reg[2]/C is not reached by a timing clock
Related violations: <none>

TIMING-17#189 Warning
Non-clocked sequential cell  
The clock pin rat/CPU/fetch_buffer/pc_sig_reg[3]/C is not reached by a timing clock
Related violations: <none>

TIMING-17#190 Warning
Non-clocked sequential cell  
The clock pin rat/CPU/fetch_buffer/pc_sig_reg[4]/C is not reached by a timing clock
Related violations: <none>

TIMING-17#191 Warning
Non-clocked sequential cell  
The clock pin rat/CPU/fetch_buffer/pc_sig_reg[5]/C is not reached by a timing clock
Related violations: <none>

TIMING-17#192 Warning
Non-clocked sequential cell  
The clock pin rat/CPU/fetch_buffer/pc_sig_reg[6]/C is not reached by a timing clock
Related violations: <none>

TIMING-17#193 Warning
Non-clocked sequential cell  
The clock pin rat/CPU/fetch_buffer/pc_sig_reg[7]/C is not reached by a timing clock
Related violations: <none>

TIMING-17#194 Warning
Non-clocked sequential cell  
The clock pin rat/CPU/hazard/DATA_NOP_reg/C is not reached by a timing clock
Related violations: <none>

TIMING-17#195 Warning
Non-clocked sequential cell  
The clock pin rat/CPU/hazard/PC_CLK_reg/C is not reached by a timing clock
Related violations: <none>

TIMING-17#196 Warning
Non-clocked sequential cell  
The clock pin rat/CPU/hazard/data_flag_reg[0]/C is not reached by a timing clock
Related violations: <none>

TIMING-17#197 Warning
Non-clocked sequential cell  
The clock pin rat/CPU/hazard/data_flag_reg[1]/C is not reached by a timing clock
Related violations: <none>

TIMING-17#198 Warning
Non-clocked sequential cell  
The clock pin rat/CPU/hazard/data_ind_reg/C is not reached by a timing clock
Related violations: <none>

TIMING-17#199 Warning
Non-clocked sequential cell  
The clock pin rat/CPU/hazard/s_d_p2_clk_reg/C is not reached by a timing clock
Related violations: <none>

TIMING-17#200 Warning
Non-clocked sequential cell  
The clock pin rat/CPU/hazard/s_prev_instr_reg[0]/C is not reached by a timing clock
Related violations: <none>

TIMING-17#201 Warning
Non-clocked sequential cell  
The clock pin rat/CPU/hazard/s_prev_instr_reg[10]/C is not reached by a timing clock
Related violations: <none>

TIMING-17#202 Warning
Non-clocked sequential cell  
The clock pin rat/CPU/hazard/s_prev_instr_reg[11]/C is not reached by a timing clock
Related violations: <none>

TIMING-17#203 Warning
Non-clocked sequential cell  
The clock pin rat/CPU/hazard/s_prev_instr_reg[12]/C is not reached by a timing clock
Related violations: <none>

TIMING-17#204 Warning
Non-clocked sequential cell  
The clock pin rat/CPU/hazard/s_prev_instr_reg[13]/C is not reached by a timing clock
Related violations: <none>

TIMING-17#205 Warning
Non-clocked sequential cell  
The clock pin rat/CPU/hazard/s_prev_instr_reg[14]/C is not reached by a timing clock
Related violations: <none>

TIMING-17#206 Warning
Non-clocked sequential cell  
The clock pin rat/CPU/hazard/s_prev_instr_reg[15]/C is not reached by a timing clock
Related violations: <none>

TIMING-17#207 Warning
Non-clocked sequential cell  
The clock pin rat/CPU/hazard/s_prev_instr_reg[16]/C is not reached by a timing clock
Related violations: <none>

TIMING-17#208 Warning
Non-clocked sequential cell  
The clock pin rat/CPU/hazard/s_prev_instr_reg[17]/C is not reached by a timing clock
Related violations: <none>

TIMING-17#209 Warning
Non-clocked sequential cell  
The clock pin rat/CPU/hazard/s_prev_instr_reg[1]/C is not reached by a timing clock
Related violations: <none>

TIMING-17#210 Warning
Non-clocked sequential cell  
The clock pin rat/CPU/hazard/s_prev_instr_reg[2]/C is not reached by a timing clock
Related violations: <none>

TIMING-17#211 Warning
Non-clocked sequential cell  
The clock pin rat/CPU/hazard/s_prev_instr_reg[3]/C is not reached by a timing clock
Related violations: <none>

TIMING-17#212 Warning
Non-clocked sequential cell  
The clock pin rat/CPU/hazard/s_prev_instr_reg[4]/C is not reached by a timing clock
Related violations: <none>

TIMING-17#213 Warning
Non-clocked sequential cell  
The clock pin rat/CPU/hazard/s_prev_instr_reg[5]/C is not reached by a timing clock
Related violations: <none>

TIMING-17#214 Warning
Non-clocked sequential cell  
The clock pin rat/CPU/hazard/s_prev_instr_reg[6]/C is not reached by a timing clock
Related violations: <none>

TIMING-17#215 Warning
Non-clocked sequential cell  
The clock pin rat/CPU/hazard/s_prev_instr_reg[7]/C is not reached by a timing clock
Related violations: <none>

TIMING-17#216 Warning
Non-clocked sequential cell  
The clock pin rat/CPU/hazard/s_prev_instr_reg[8]/C is not reached by a timing clock
Related violations: <none>

TIMING-17#217 Warning
Non-clocked sequential cell  
The clock pin rat/CPU/hazard/s_prev_instr_reg[9]/C is not reached by a timing clock
Related violations: <none>

TIMING-17#218 Warning
Non-clocked sequential cell  
The clock pin rat/CPU/hazard/s_temp_instr_reg[0]/C is not reached by a timing clock
Related violations: <none>

TIMING-17#219 Warning
Non-clocked sequential cell  
The clock pin rat/CPU/hazard/s_temp_instr_reg[10]/C is not reached by a timing clock
Related violations: <none>

TIMING-17#220 Warning
Non-clocked sequential cell  
The clock pin rat/CPU/hazard/s_temp_instr_reg[11]/C is not reached by a timing clock
Related violations: <none>

TIMING-17#221 Warning
Non-clocked sequential cell  
The clock pin rat/CPU/hazard/s_temp_instr_reg[12]/C is not reached by a timing clock
Related violations: <none>

TIMING-17#222 Warning
Non-clocked sequential cell  
The clock pin rat/CPU/hazard/s_temp_instr_reg[13]/C is not reached by a timing clock
Related violations: <none>

TIMING-17#223 Warning
Non-clocked sequential cell  
The clock pin rat/CPU/hazard/s_temp_instr_reg[14]/C is not reached by a timing clock
Related violations: <none>

TIMING-17#224 Warning
Non-clocked sequential cell  
The clock pin rat/CPU/hazard/s_temp_instr_reg[15]/C is not reached by a timing clock
Related violations: <none>

TIMING-17#225 Warning
Non-clocked sequential cell  
The clock pin rat/CPU/hazard/s_temp_instr_reg[16]/C is not reached by a timing clock
Related violations: <none>

TIMING-17#226 Warning
Non-clocked sequential cell  
The clock pin rat/CPU/hazard/s_temp_instr_reg[17]/C is not reached by a timing clock
Related violations: <none>

TIMING-17#227 Warning
Non-clocked sequential cell  
The clock pin rat/CPU/hazard/s_temp_instr_reg[1]/C is not reached by a timing clock
Related violations: <none>

TIMING-17#228 Warning
Non-clocked sequential cell  
The clock pin rat/CPU/hazard/s_temp_instr_reg[2]/C is not reached by a timing clock
Related violations: <none>

TIMING-17#229 Warning
Non-clocked sequential cell  
The clock pin rat/CPU/hazard/s_temp_instr_reg[3]/C is not reached by a timing clock
Related violations: <none>

TIMING-17#230 Warning
Non-clocked sequential cell  
The clock pin rat/CPU/hazard/s_temp_instr_reg[4]/C is not reached by a timing clock
Related violations: <none>

TIMING-17#231 Warning
Non-clocked sequential cell  
The clock pin rat/CPU/hazard/s_temp_instr_reg[5]/C is not reached by a timing clock
Related violations: <none>

TIMING-17#232 Warning
Non-clocked sequential cell  
The clock pin rat/CPU/hazard/s_temp_instr_reg[6]/C is not reached by a timing clock
Related violations: <none>

TIMING-17#233 Warning
Non-clocked sequential cell  
The clock pin rat/CPU/hazard/s_temp_instr_reg[7]/C is not reached by a timing clock
Related violations: <none>

TIMING-17#234 Warning
Non-clocked sequential cell  
The clock pin rat/CPU/hazard/s_temp_instr_reg[8]/C is not reached by a timing clock
Related violations: <none>

TIMING-17#235 Warning
Non-clocked sequential cell  
The clock pin rat/CPU/hazard/s_temp_instr_reg[9]/C is not reached by a timing clock
Related violations: <none>

TIMING-17#236 Warning
Non-clocked sequential cell  
The clock pin rat/CPU/hazard/s_temp_instr_reg_rep_bsel[10]/C is not reached by a timing clock
Related violations: <none>

TIMING-17#237 Warning
Non-clocked sequential cell  
The clock pin rat/CPU/hazard/s_temp_instr_reg_rep_bsel[11]/C is not reached by a timing clock
Related violations: <none>

TIMING-17#238 Warning
Non-clocked sequential cell  
The clock pin rat/CPU/hazard/s_temp_instr_reg_rep_bsel[12]/C is not reached by a timing clock
Related violations: <none>

TIMING-17#239 Warning
Non-clocked sequential cell  
The clock pin rat/CPU/hazard/s_temp_instr_reg_rep_bsel[3]/C is not reached by a timing clock
Related violations: <none>

TIMING-17#240 Warning
Non-clocked sequential cell  
The clock pin rat/CPU/hazard/s_temp_instr_reg_rep_bsel[4]/C is not reached by a timing clock
Related violations: <none>

TIMING-17#241 Warning
Non-clocked sequential cell  
The clock pin rat/CPU/hazard/s_temp_instr_reg_rep_bsel[5]/C is not reached by a timing clock
Related violations: <none>

TIMING-17#242 Warning
Non-clocked sequential cell  
The clock pin rat/CPU/hazard/s_temp_instr_reg_rep_bsel[6]/C is not reached by a timing clock
Related violations: <none>

TIMING-17#243 Warning
Non-clocked sequential cell  
The clock pin rat/CPU/hazard/s_temp_instr_reg_rep_bsel[7]/C is not reached by a timing clock
Related violations: <none>

TIMING-17#244 Warning
Non-clocked sequential cell  
The clock pin rat/CPU/hazard/s_temp_instr_reg_rep_bsel[8]/C is not reached by a timing clock
Related violations: <none>

TIMING-17#245 Warning
Non-clocked sequential cell  
The clock pin rat/CPU/hazard/s_temp_instr_reg_rep_bsel[9]/C is not reached by a timing clock
Related violations: <none>

TIMING-17#246 Warning
Non-clocked sequential cell  
The clock pin rat/r_LEDS_reg[0]/C is not reached by a timing clock
Related violations: <none>

TIMING-17#247 Warning
Non-clocked sequential cell  
The clock pin rat/r_LEDS_reg[10]/C is not reached by a timing clock
Related violations: <none>

TIMING-17#248 Warning
Non-clocked sequential cell  
The clock pin rat/r_LEDS_reg[11]/C is not reached by a timing clock
Related violations: <none>

TIMING-17#249 Warning
Non-clocked sequential cell  
The clock pin rat/r_LEDS_reg[12]/C is not reached by a timing clock
Related violations: <none>

TIMING-17#250 Warning
Non-clocked sequential cell  
The clock pin rat/r_LEDS_reg[13]/C is not reached by a timing clock
Related violations: <none>

TIMING-17#251 Warning
Non-clocked sequential cell  
The clock pin rat/r_LEDS_reg[14]/C is not reached by a timing clock
Related violations: <none>

TIMING-17#252 Warning
Non-clocked sequential cell  
The clock pin rat/r_LEDS_reg[15]/C is not reached by a timing clock
Related violations: <none>

TIMING-17#253 Warning
Non-clocked sequential cell  
The clock pin rat/r_LEDS_reg[1]/C is not reached by a timing clock
Related violations: <none>

TIMING-17#254 Warning
Non-clocked sequential cell  
The clock pin rat/r_LEDS_reg[2]/C is not reached by a timing clock
Related violations: <none>

TIMING-17#255 Warning
Non-clocked sequential cell  
The clock pin rat/r_LEDS_reg[3]/C is not reached by a timing clock
Related violations: <none>

TIMING-17#256 Warning
Non-clocked sequential cell  
The clock pin rat/r_LEDS_reg[4]/C is not reached by a timing clock
Related violations: <none>

TIMING-17#257 Warning
Non-clocked sequential cell  
The clock pin rat/r_LEDS_reg[5]/C is not reached by a timing clock
Related violations: <none>

TIMING-17#258 Warning
Non-clocked sequential cell  
The clock pin rat/r_LEDS_reg[6]/C is not reached by a timing clock
Related violations: <none>

TIMING-17#259 Warning
Non-clocked sequential cell  
The clock pin rat/r_LEDS_reg[7]/C is not reached by a timing clock
Related violations: <none>

TIMING-17#260 Warning
Non-clocked sequential cell  
The clock pin rat/r_LEDS_reg[8]/C is not reached by a timing clock
Related violations: <none>

TIMING-17#261 Warning
Non-clocked sequential cell  
The clock pin rat/r_LEDS_reg[9]/C is not reached by a timing clock
Related violations: <none>

TIMING-17#262 Warning
Non-clocked sequential cell  
The clock pin rat/r_SSEG_CR_reg[0]/C is not reached by a timing clock
Related violations: <none>

TIMING-17#263 Warning
Non-clocked sequential cell  
The clock pin rat/r_SSEG_CR_reg[1]/C is not reached by a timing clock
Related violations: <none>

TIMING-17#264 Warning
Non-clocked sequential cell  
The clock pin rat/r_SSEG_CR_reg[2]/C is not reached by a timing clock
Related violations: <none>

TIMING-17#265 Warning
Non-clocked sequential cell  
The clock pin rat/r_SSEG_CR_reg[4]/C is not reached by a timing clock
Related violations: <none>

TIMING-17#266 Warning
Non-clocked sequential cell  
The clock pin rat/r_SSEG_CR_reg[5]/C is not reached by a timing clock
Related violations: <none>

TIMING-17#267 Warning
Non-clocked sequential cell  
The clock pin rat/r_SSEG_CR_reg[6]/C is not reached by a timing clock
Related violations: <none>

TIMING-17#268 Warning
Non-clocked sequential cell  
The clock pin rat/r_SSEG_CR_reg[7]/C is not reached by a timing clock
Related violations: <none>

TIMING-17#269 Warning
Non-clocked sequential cell  
The clock pin rat/r_SSEG_VAL1_reg[0]/C is not reached by a timing clock
Related violations: <none>

TIMING-17#270 Warning
Non-clocked sequential cell  
The clock pin rat/r_SSEG_VAL1_reg[10]/C is not reached by a timing clock
Related violations: <none>

TIMING-17#271 Warning
Non-clocked sequential cell  
The clock pin rat/r_SSEG_VAL1_reg[11]/C is not reached by a timing clock
Related violations: <none>

TIMING-17#272 Warning
Non-clocked sequential cell  
The clock pin rat/r_SSEG_VAL1_reg[12]/C is not reached by a timing clock
Related violations: <none>

TIMING-17#273 Warning
Non-clocked sequential cell  
The clock pin rat/r_SSEG_VAL1_reg[13]/C is not reached by a timing clock
Related violations: <none>

TIMING-17#274 Warning
Non-clocked sequential cell  
The clock pin rat/r_SSEG_VAL1_reg[1]/C is not reached by a timing clock
Related violations: <none>

TIMING-17#275 Warning
Non-clocked sequential cell  
The clock pin rat/r_SSEG_VAL1_reg[2]/C is not reached by a timing clock
Related violations: <none>

TIMING-17#276 Warning
Non-clocked sequential cell  
The clock pin rat/r_SSEG_VAL1_reg[3]/C is not reached by a timing clock
Related violations: <none>

TIMING-17#277 Warning
Non-clocked sequential cell  
The clock pin rat/r_SSEG_VAL1_reg[4]/C is not reached by a timing clock
Related violations: <none>

TIMING-17#278 Warning
Non-clocked sequential cell  
The clock pin rat/r_SSEG_VAL1_reg[5]/C is not reached by a timing clock
Related violations: <none>

TIMING-17#279 Warning
Non-clocked sequential cell  
The clock pin rat/r_SSEG_VAL1_reg[6]/C is not reached by a timing clock
Related violations: <none>

TIMING-17#280 Warning
Non-clocked sequential cell  
The clock pin rat/r_SSEG_VAL1_reg[7]/C is not reached by a timing clock
Related violations: <none>

TIMING-17#281 Warning
Non-clocked sequential cell  
The clock pin rat/r_SSEG_VAL1_reg[8]/C is not reached by a timing clock
Related violations: <none>

TIMING-17#282 Warning
Non-clocked sequential cell  
The clock pin rat/r_SSEG_VAL1_reg[9]/C is not reached by a timing clock
Related violations: <none>

TIMING-17#283 Warning
Non-clocked sequential cell  
The clock pin rat/r_SSEG_VAL2_reg[0]/C is not reached by a timing clock
Related violations: <none>

TIMING-17#284 Warning
Non-clocked sequential cell  
The clock pin rat/r_SSEG_VAL2_reg[1]/C is not reached by a timing clock
Related violations: <none>

TIMING-17#285 Warning
Non-clocked sequential cell  
The clock pin rat/r_SSEG_VAL2_reg[2]/C is not reached by a timing clock
Related violations: <none>

TIMING-17#286 Warning
Non-clocked sequential cell  
The clock pin rat/r_SSEG_VAL2_reg[3]/C is not reached by a timing clock
Related violations: <none>

TIMING-17#287 Warning
Non-clocked sequential cell  
The clock pin rat/r_SSEG_VAL2_reg[4]/C is not reached by a timing clock
Related violations: <none>

TIMING-17#288 Warning
Non-clocked sequential cell  
The clock pin rat/r_SSEG_VAL2_reg[5]/C is not reached by a timing clock
Related violations: <none>

TIMING-17#289 Warning
Non-clocked sequential cell  
The clock pin rat/r_SSEG_VAL2_reg[6]/C is not reached by a timing clock
Related violations: <none>

TIMING-17#290 Warning
Non-clocked sequential cell  
The clock pin rat/r_SSEG_VAL2_reg[7]/C is not reached by a timing clock
Related violations: <none>

TIMING-17#291 Warning
Non-clocked sequential cell  
The clock pin sg/cnt_dig_reg[0]/C is not reached by a timing clock
Related violations: <none>

TIMING-17#292 Warning
Non-clocked sequential cell  
The clock pin sg/cnt_dig_reg[1]/C is not reached by a timing clock
Related violations: <none>

TIMING-23#1 Warning
Combinational loop found  
A timing loop has been detected on a combinational path. A timing arc has been disabled between rat/CPU/decode_buffer/PC_CNT_OUT[9]_i_5/I0 and rat/CPU/decode_buffer/PC_CNT_OUT[9]_i_5/O to disable the timing loop
Related violations: <none>


