#-----------------------------------------------------------
# Webtalk v2017.4 (64-bit)
# SW Build 2086221 on Fri Dec 15 20:55:39 MST 2017
# IP Build 2085800 on Fri Dec 15 22:25:07 MST 2017
<<<<<<< HEAD
# Start of session at: Thu Jun  7 16:46:12 2018
# Process ID: 1604
=======
# Start of session at: Fri Jun  1 18:03:28 2018
# Process ID: 2936
>>>>>>> parent of 40cbf29... just added null when branches are taken
# Current directory: C:/Users/gerke/workspace/RAT_pipeline/RAT_pipeline.sim/sim_1/behav/xsim
# Command line: wbtcv.exe -mode batch -source C:/Users/gerke/workspace/RAT_pipeline/RAT_pipeline.sim/sim_1/behav/xsim/xsim.dir/CPU_SIM_behav/webtalk/xsim_webtalk.tcl -notrace
# Log file: C:/Users/gerke/workspace/RAT_pipeline/RAT_pipeline.sim/sim_1/behav/xsim/webtalk.log
# Journal file: C:/Users/gerke/workspace/RAT_pipeline/RAT_pipeline.sim/sim_1/behav/xsim\webtalk.jou
#-----------------------------------------------------------
source C:/Users/gerke/workspace/RAT_pipeline/RAT_pipeline.sim/sim_1/behav/xsim/xsim.dir/CPU_SIM_behav/webtalk/xsim_webtalk.tcl -notrace
<<<<<<< HEAD
INFO: [Common 17-186] 'C:/Users/gerke/workspace/RAT_pipeline/RAT_pipeline.sim/sim_1/behav/xsim/xsim.dir/CPU_SIM_behav/webtalk/usage_statistics_ext_xsim.xml' has been successfully sent to Xilinx on Thu Jun  7 16:46:16 2018. For additional details about this file, please refer to the WebTalk help file at C:/Xilinx/Vivado/2017.4/doc/webtalk_introduction.html.
INFO: [Common 17-206] Exiting Webtalk at Thu Jun  7 16:46:16 2018...
=======
INFO: [Common 17-186] 'C:/Users/gerke/workspace/RAT_pipeline/RAT_pipeline.sim/sim_1/behav/xsim/xsim.dir/CPU_SIM_behav/webtalk/usage_statistics_ext_xsim.xml' has been successfully sent to Xilinx on Fri Jun  1 18:04:02 2018. For additional details about this file, please refer to the WebTalk help file at C:/Xilinx/Vivado/2017.4/doc/webtalk_introduction.html.
INFO: [Common 17-206] Exiting Webtalk at Fri Jun  1 18:04:02 2018...
>>>>>>> parent of 40cbf29... just added null when branches are taken
